#
# There is insufficient memory for the Java Runtime Environment to continue.
# Native memory allocation (malloc) failed to allocate 1030816 bytes for Chunk::new
# Possible reasons:
#   The system is out of physical RAM or swap space
#   The process is running with CompressedOops enabled, and the Java Heap may be blocking the growth of the native heap
# Possible solutions:
#   Reduce memory load on the system
#   Increase physical memory or swap space
#   Check if swap backing store is full
#   Decrease Java heap size (-Xmx/-Xms)
#   Decrease number of Java threads
#   Decrease Java thread stack sizes (-Xss)
#   Set larger code cache with -XX:ReservedCodeCacheSize=
#   JVM is running with Unscaled Compressed Oops mode in which the Java heap is
#     placed in the first 4GB address space. The Java Heap base address is the
#     maximum limit for the native heap growth. Please use -XX:HeapBaseMinAddress
#     to set the Java Heap base and to place the Java Heap above 4GB virtual address.
# This output file may be truncated or incomplete.
#
#  Out of Memory Error (arena.cpp:189), pid=5240, tid=22440
#
# JRE version: OpenJDK Runtime Environment (17.0.7) (build 17.0.7+0-b2043.56-10550314)
# Java VM: OpenJDK 64-Bit Server VM (17.0.7+0-b2043.56-10550314, mixed mode, tiered, compressed oops, compressed class ptrs, g1 gc, windows-amd64)
# No core dump will be written. Minidumps are not enabled by default on client versions of Windows
#

---------------  S U M M A R Y ------------

Command Line: --add-opens=java.base/java.util=ALL-UNNAMED --add-opens=java.base/java.lang=ALL-UNNAMED --add-opens=java.base/java.lang.invoke=ALL-UNNAMED --add-opens=java.prefs/java.util.prefs=ALL-UNNAMED --add-opens=java.base/java.nio.charset=ALL-UNNAMED --add-opens=java.base/java.net=ALL-UNNAMED --add-opens=java.base/java.util.concurrent.atomic=ALL-UNNAMED -Xmx2048m -Dfile.encoding=UTF-8 -Duser.country=IN -Duser.language=en -Duser.variant -javaagent:C:\Users\karti\.gradle\wrapper\dists\gradle-8.2-bin\bbg7u40eoinfdyxsxr3z4i7ta\gradle-8.2\lib\agents\gradle-instrumentation-agent-8.2.jar org.gradle.launcher.daemon.bootstrap.GradleDaemon 8.2

Host: AMD Ryzen 5 5500U with Radeon Graphics         , 12 cores, 15G,  Windows 11 , 64 bit Build 22621 (10.0.22621.2506)
Time: Mon Jul  1 13:09:07 2024 India Standard Time elapsed time: 529.392998 seconds (0d 0h 8m 49s)

---------------  T H R E A D  ---------------

Current thread (0x000001b2c84ae220):  JavaThread "C2 CompilerThread0" daemon [_thread_in_native, id=22440, stack(0x0000005464300000,0x0000005464400000)]


Current CompileTask:
C2: 529393 18369       4       org.gradle.api.internal.artifacts.ModuleComponentSelectorSerializer::read (50 bytes)

Stack: [0x0000005464300000,0x0000005464400000]
Native frames: (J=compiled Java code, j=interpreted, Vv=VM code, C=native code)
V  [jvm.dll+0x683bfa]
V  [jvm.dll+0x8430a4]
V  [jvm.dll+0x8449be]
V  [jvm.dll+0x845023]
V  [jvm.dll+0x24ad2f]
V  [jvm.dll+0xac25c]
V  [jvm.dll+0xac82c]
V  [jvm.dll+0x2b218f]
V  [jvm.dll+0x58c2f7]
V  [jvm.dll+0x225a12]
V  [jvm.dll+0x225def]
V  [jvm.dll+0x21f0b5]
V  [jvm.dll+0x21c56b]
V  [jvm.dll+0x1a605d]
V  [jvm.dll+0x22c148]
V  [jvm.dll+0x22a209]
V  [jvm.dll+0x7f858c]
V  [jvm.dll+0x7f2aea]
V  [jvm.dll+0x682a35]
C  [ucrtbase.dll+0x29363]
C  [KERNEL32.DLL+0x1257d]
C  [ntdll.dll+0x5aa58]


---------------  P R O C E S S  ---------------

Threads class SMR info:
_java_thread_list=0x000001b2d05624f0, length=61, elements={
0x000001b2ae019f10, 0x000001b2c847e010, 0x000001b2c847ed90, 0x000001b2c84a8440,
0x000001b2c84a91c0, 0x000001b2c84acb90, 0x000001b2c84ad540, 0x000001b2c84ae220,
0x000001b2c84aecc0, 0x000001b2c84af6b0, 0x000001b2c8641020, 0x000001b2c87492c0,
0x000001b2cee8d590, 0x000001b2cebe0690, 0x000001b2ce8d8bd0, 0x000001b2ce8d64b0,
0x000001b2ce8d5170, 0x000001b2ce8d6980, 0x000001b2ce8d3e30, 0x000001b2ce8d5640,
0x000001b2ce8d5b10, 0x000001b2ce694070, 0x000001b2ce697560, 0x000001b2ce6966f0,
0x000001b2ce696bc0, 0x000001b2ce694540, 0x000001b2ce694a10, 0x000001b2ce694ee0,
0x000001b2ce695d50, 0x000001b2ce695880, 0x000001b2ce697a30, 0x000001b2cfb8f720,
0x000001b2cfb8d570, 0x000001b2cfb8b3c0, 0x000001b2cfb8b890, 0x000001b2cfb918d0,
0x000001b2d46ba910, 0x000001b2cf56e8d0, 0x000001b2d2f1ab00, 0x000001b2d3370c10,
0x000001b2d3373760, 0x000001b2d3373c30, 0x000001b2d3371a80, 0x000001b2d35e4170,
0x000001b2cecb9bc0, 0x000001b2d35e5e50, 0x000001b2cd50ef80, 0x000001b2d35e54b0,
0x000001b2d35e37d0, 0x000001b2d35e4640, 0x000001b2d35e4fe0, 0x000001b2d35e5980,
0x000001b2d35e6320, 0x000001b2d35e3ca0, 0x000001b2d279a960, 0x000001b2d2799f40,
0x000001b2d35e4b10, 0x000001b2d35e67f0, 0x000001b2d35e6cc0, 0x000001b2d35e7190,
0x000001b2d3d9a4f0
}

Java Threads: ( => current thread )
  0x000001b2ae019f10 JavaThread "main" [_thread_blocked, id=12440, stack(0x0000005463600000,0x0000005463700000)]
  0x000001b2c847e010 JavaThread "Reference Handler" daemon [_thread_blocked, id=10400, stack(0x0000005463d00000,0x0000005463e00000)]
  0x000001b2c847ed90 JavaThread "Finalizer" daemon [_thread_blocked, id=17452, stack(0x0000005463e00000,0x0000005463f00000)]
  0x000001b2c84a8440 JavaThread "Signal Dispatcher" daemon [_thread_blocked, id=13152, stack(0x0000005463f00000,0x0000005464000000)]
  0x000001b2c84a91c0 JavaThread "Attach Listener" daemon [_thread_blocked, id=8948, stack(0x0000005464000000,0x0000005464100000)]
  0x000001b2c84acb90 JavaThread "Service Thread" daemon [_thread_blocked, id=21968, stack(0x0000005464100000,0x0000005464200000)]
  0x000001b2c84ad540 JavaThread "Monitor Deflation Thread" daemon [_thread_blocked, id=16208, stack(0x0000005464200000,0x0000005464300000)]
=>0x000001b2c84ae220 JavaThread "C2 CompilerThread0" daemon [_thread_in_native, id=22440, stack(0x0000005464300000,0x0000005464400000)]
  0x000001b2c84aecc0 JavaThread "C1 CompilerThread0" daemon [_thread_blocked, id=18052, stack(0x0000005464400000,0x0000005464500000)]
  0x000001b2c84af6b0 JavaThread "Sweeper thread" daemon [_thread_blocked, id=3052, stack(0x0000005464500000,0x0000005464600000)]
  0x000001b2c8641020 JavaThread "Common-Cleaner" daemon [_thread_blocked, id=6860, stack(0x0000005464600000,0x0000005464700000)]
  0x000001b2c87492c0 JavaThread "Notification Thread" daemon [_thread_blocked, id=1824, stack(0x0000005464700000,0x0000005464800000)]
  0x000001b2cee8d590 JavaThread "Daemon health stats" [_thread_blocked, id=21072, stack(0x0000005464e00000,0x0000005464f00000)]
  0x000001b2cebe0690 JavaThread "Incoming local TCP Connector on port 50823" [_thread_in_native, id=14628, stack(0x0000005464f00000,0x0000005465000000)]
  0x000001b2ce8d8bd0 JavaThread "Daemon periodic checks" [_thread_blocked, id=18716, stack(0x0000005465000000,0x0000005465100000)]
  0x000001b2ce8d64b0 JavaThread "Cache worker for journal cache (C:\Users\karti\.gradle\caches\journal-1)" [_thread_blocked, id=17792, stack(0x0000005465e00000,0x0000005465f00000)]
  0x000001b2ce8d5170 JavaThread "File lock request listener" [_thread_in_native, id=20736, stack(0x0000005465f00000,0x0000005466000000)]
  0x000001b2ce8d6980 JavaThread "Cache worker for file hash cache (C:\Users\karti\.gradle\caches\8.2\fileHashes)" [_thread_blocked, id=7772, stack(0x0000005466100000,0x0000005466200000)]
  0x000001b2ce8d3e30 JavaThread "File watcher server" daemon [_thread_in_native, id=2160, stack(0x0000005466300000,0x0000005466400000)]
  0x000001b2ce8d5640 JavaThread "File watcher consumer" daemon [_thread_blocked, id=5484, stack(0x0000005466400000,0x0000005466500000)]
  0x000001b2ce8d5b10 JavaThread "Cache worker for file content cache (C:\Users\karti\.gradle\caches\8.2\fileContent)" [_thread_blocked, id=14364, stack(0x0000005466700000,0x0000005466800000)]
  0x000001b2ce694070 JavaThread "Cache worker for execution history cache (C:\Users\karti\.gradle\caches\8.2\executionHistory)" [_thread_blocked, id=14636, stack(0x0000005466a00000,0x0000005466b00000)]
  0x000001b2ce697560 JavaThread "jar transforms" [_thread_blocked, id=18428, stack(0x0000005466b00000,0x0000005466c00000)]
  0x000001b2ce6966f0 JavaThread "jar transforms Thread 2" [_thread_blocked, id=13328, stack(0x0000005466c00000,0x0000005466d00000)]
  0x000001b2ce696bc0 JavaThread "Cache worker for kotlin-dsl (C:\Users\karti\.gradle\caches\8.2\kotlin-dsl)" [_thread_blocked, id=3392, stack(0x0000005466d00000,0x0000005466e00000)]
  0x000001b2ce694540 JavaThread "jar transforms Thread 3" [_thread_blocked, id=16084, stack(0x0000005466e00000,0x0000005466f00000)]
  0x000001b2ce694a10 JavaThread "jar transforms Thread 4" [_thread_blocked, id=13252, stack(0x0000005466f00000,0x0000005467000000)]
  0x000001b2ce694ee0 JavaThread "jar transforms Thread 5" [_thread_blocked, id=10996, stack(0x0000005467000000,0x0000005467100000)]
  0x000001b2ce695d50 JavaThread "jar transforms Thread 6" [_thread_blocked, id=13448, stack(0x0000005467100000,0x0000005467200000)]
  0x000001b2ce695880 JavaThread "jar transforms Thread 7" [_thread_blocked, id=5856, stack(0x0000005467400000,0x0000005467500000)]
  0x000001b2ce697a30 JavaThread "jar transforms Thread 8" [_thread_blocked, id=1412, stack(0x0000005467500000,0x0000005467600000)]
  0x000001b2cfb8f720 JavaThread "jar transforms Thread 9" [_thread_blocked, id=22024, stack(0x0000005468100000,0x0000005468200000)]
  0x000001b2cfb8d570 JavaThread "jar transforms Thread 10" [_thread_blocked, id=20904, stack(0x0000005468200000,0x0000005468300000)]
  0x000001b2cfb8b3c0 JavaThread "jar transforms Thread 11" [_thread_blocked, id=19208, stack(0x0000005468300000,0x0000005468400000)]
  0x000001b2cfb8b890 JavaThread "jar transforms Thread 12" [_thread_blocked, id=20356, stack(0x0000005468400000,0x0000005468500000)]
  0x000001b2cfb918d0 JavaThread "Memory manager" [_thread_blocked, id=19608, stack(0x0000005468500000,0x0000005468600000)]
  0x000001b2d46ba910 JavaThread "ForkJoinPool.commonPool-worker-1" daemon [_thread_blocked, id=9508, stack(0x0000005471300000,0x0000005471400000)]
  0x000001b2cf56e8d0 JavaThread "ForkJoinPool.commonPool-worker-4" daemon [_thread_blocked, id=5648, stack(0x0000005471600000,0x0000005471700000)]
  0x000001b2d2f1ab00 JavaThread "ForkJoinPool.commonPool-worker-9" daemon [_thread_blocked, id=10652, stack(0x0000005471b00000,0x0000005471c00000)]
  0x000001b2d3370c10 JavaThread "RMI Scheduler(0)" daemon [_thread_blocked, id=11300, stack(0x000000546ba00000,0x000000546bb00000)]
  0x000001b2d3373760 JavaThread "RMI GC Daemon" daemon [_thread_blocked, id=19628, stack(0x000000546bc00000,0x000000546bd00000)]
  0x000001b2d3373c30 JavaThread "RMI TCP Accept-0" daemon [_thread_in_native, id=18940, stack(0x000000546bd00000,0x000000546be00000)]
  0x000001b2d3371a80 JavaThread "RMI Reaper" [_thread_blocked, id=17556, stack(0x000000546be00000,0x000000546bf00000)]
  0x000001b2d35e4170 JavaThread "Cache worker for Java compile cache (C:\Users\karti\.gradle\caches\8.2\javaCompile)" [_thread_blocked, id=15380, stack(0x000000546c000000,0x000000546c100000)]
  0x000001b2cecb9bc0 JavaThread "ForkJoinPool.commonPool-worker-12" daemon [_thread_blocked, id=560, stack(0x000000546d900000,0x000000546da00000)]
  0x000001b2d35e5e50 JavaThread "ForkJoinPool.commonPool-worker-13" daemon [_thread_blocked, id=22376, stack(0x000000546da00000,0x000000546db00000)]
  0x000001b2cd50ef80 JavaThread "Daemon Thread 3" [_thread_blocked, id=1160, stack(0x0000005463300000,0x0000005463400000)]
  0x000001b2d35e54b0 JavaThread "Handler for socket connection from /127.0.0.1:50823 to /127.0.0.1:51094" [_thread_in_native, id=18632, stack(0x0000005463400000,0x0000005463500000)]
  0x000001b2d35e37d0 JavaThread "Cancel handler" [_thread_blocked, id=21048, stack(0x0000005463500000,0x0000005463600000)]
  0x000001b2d35e4640 JavaThread "Daemon worker Thread 3" [_thread_in_Java, id=16252, stack(0x0000005465100000,0x0000005465200000)]
  0x000001b2d35e4fe0 JavaThread "Asynchronous log dispatcher for DefaultDaemonConnection: socket connection from /127.0.0.1:50823 to /127.0.0.1:51094" [_thread_blocked, id=3176, stack(0x0000005465200000,0x0000005465300000)]
  0x000001b2d35e5980 JavaThread "Stdin handler" [_thread_blocked, id=19824, stack(0x0000005465300000,0x0000005465400000)]
  0x000001b2d35e6320 JavaThread "Daemon client event forwarder" [_thread_blocked, id=6312, stack(0x0000005465400000,0x0000005465500000)]
  0x000001b2d35e3ca0 JavaThread "Cache worker for checksums cache (E:\TimeIt\TimeIt\.gradle\8.2\checksums)" [_thread_blocked, id=9172, stack(0x0000005465500000,0x0000005465600000)]
  0x000001b2d279a960 JavaThread "C2 CompilerThread1" daemon [_thread_in_native, id=15540, stack(0x0000005465600000,0x0000005465700000)]
  0x000001b2d2799f40 JavaThread "C2 CompilerThread2" daemon [_thread_in_native, id=19368, stack(0x0000005465700000,0x0000005465800000)]
  0x000001b2d35e4b10 JavaThread "Cache worker for cache directory md-rule (C:\Users\karti\.gradle\caches\8.2\md-rule)" [_thread_blocked, id=21004, stack(0x0000005466000000,0x0000005466100000)]
  0x000001b2d35e67f0 JavaThread "Cache worker for file hash cache (E:\TimeIt\TimeIt\.gradle\8.2\fileHashes)" [_thread_blocked, id=22048, stack(0x0000005466200000,0x0000005466300000)]
  0x000001b2d35e6cc0 JavaThread "Cache worker for cache directory md-supplier (C:\Users\karti\.gradle\caches\8.2\md-supplier)" [_thread_blocked, id=2316, stack(0x0000005466500000,0x0000005466600000)]
  0x000001b2d35e7190 JavaThread "Cache worker for dependencies-accessors (E:\TimeIt\TimeIt\.gradle\8.2\dependencies-accessors)" [_thread_blocked, id=21164, stack(0x0000005466600000,0x0000005466700000)]
  0x000001b2d3d9a4f0 JavaThread "Cache worker for Build Output Cleanup Cache (E:\TimeIt\TimeIt\.gradle\buildOutputCleanup)" [_thread_blocked, id=18800, stack(0x0000005466800000,0x0000005466900000)]

Other Threads:
  0x000001b2c82eeca0 VMThread "VM Thread" [stack: 0x0000005463c00000,0x0000005463d00000] [id=19084]
  0x000001b2ae0a7890 WatcherThread [stack: 0x0000005464800000,0x0000005464900000] [id=11784]
  0x000001b2ae075690 GCTaskThread "GC Thread#0" [stack: 0x0000005463700000,0x0000005463800000] [id=21616]
  0x000001b2cd7fd410 GCTaskThread "GC Thread#1" [stack: 0x0000005464a00000,0x0000005464b00000] [id=16920]
  0x000001b2cd7fd6c0 GCTaskThread "GC Thread#2" [stack: 0x0000005464b00000,0x0000005464c00000] [id=19700]
  0x000001b2cd533d80 GCTaskThread "GC Thread#3" [stack: 0x0000005464c00000,0x0000005464d00000] [id=21576]
  0x000001b2cd534030 GCTaskThread "GC Thread#4" [stack: 0x0000005464d00000,0x0000005464e00000] [id=19480]
  0x000001b2cf63f030 GCTaskThread "GC Thread#5" [stack: 0x0000005464900000,0x0000005464a00000] [id=5512]
  0x000001b2ce720fd0 GCTaskThread "GC Thread#6" [stack: 0x0000005465800000,0x0000005465900000] [id=5808]
  0x000001b2cec818d0 GCTaskThread "GC Thread#7" [stack: 0x0000005465900000,0x0000005465a00000] [id=20120]
  0x000001b2ce86fc90 GCTaskThread "GC Thread#8" [stack: 0x0000005465a00000,0x0000005465b00000] [id=20772]
  0x000001b2cf3b80b0 GCTaskThread "GC Thread#9" [stack: 0x0000005465b00000,0x0000005465c00000] [id=10556]
  0x000001b2ae0865d0 ConcurrentGCThread "G1 Main Marker" [stack: 0x0000005463800000,0x0000005463900000] [id=4920]
  0x000001b2ae086fe0 ConcurrentGCThread "G1 Conc#0" [stack: 0x0000005463900000,0x0000005463a00000] [id=15824]
  0x000001b2ce8b8b90 ConcurrentGCThread "G1 Conc#1" [stack: 0x0000005465c00000,0x0000005465d00000] [id=22500]
  0x000001b2ce8b9900 ConcurrentGCThread "G1 Conc#2" [stack: 0x0000005465d00000,0x0000005465e00000] [id=13952]
  0x000001b2c8172170 ConcurrentGCThread "G1 Refine#0" [stack: 0x0000005463a00000,0x0000005463b00000] [id=4464]
  0x000001b2d2ad1320 ConcurrentGCThread "G1 Refine#1" [stack: 0x0000005468800000,0x0000005468900000] [id=13112]
  0x000001b2d2ad1600 ConcurrentGCThread "G1 Refine#2" [stack: 0x0000005468900000,0x0000005468a00000] [id=3984]
  0x000001b2d2ad3e40 ConcurrentGCThread "G1 Refine#3" [stack: 0x0000005468a00000,0x0000005468b00000] [id=21424]
  0x000001b2d2ad1bc0 ConcurrentGCThread "G1 Refine#4" [stack: 0x0000005468b00000,0x0000005468c00000] [id=12108]
  0x000001b2d2ad18e0 ConcurrentGCThread "G1 Refine#5" [stack: 0x0000005468c00000,0x0000005468d00000] [id=22196]
  0x000001b2c8172b90 ConcurrentGCThread "G1 Service" [stack: 0x0000005463b00000,0x0000005463c00000] [id=12988]

Threads with active compile tasks:
C2 CompilerThread0   529410 18369       4       org.gradle.api.internal.artifacts.ModuleComponentSelectorSerializer::read (50 bytes)
C2 CompilerThread1   529410 18322       4       org.gradle.internal.instantiation.generator.ParamsMatchingConstructorSelector::forParams (481 bytes)
C2 CompilerThread2   529410 18370       4       org.gradle.api.internal.artifacts.ModuleComponentSelectorSerializer::readVersionConstraint (91 bytes)

VM state: not at safepoint (normal execution)

VM Mutex/Monitor currently owned by a thread: None

Heap address: 0x0000000080000000, size: 2048 MB, Compressed Oops mode: 32-bit

CDS archive(s) not mapped
Compressed class space mapped at: 0x0000000100000000-0x0000000140000000, reserved size: 1073741824
Narrow klass base: 0x0000000000000000, Narrow klass shift: 3, Narrow klass range: 0x140000000

GC Precious Log:
 CPUs: 12 total, 12 available
 Memory: 15694M
 Large Page Support: Disabled
 NUMA Support: Disabled
 Compressed Oops: Enabled (32-bit)
 Heap Region Size: 1M
 Heap Min Capacity: 8M
 Heap Initial Capacity: 246M
 Heap Max Capacity: 2G
 Pre-touch: Disabled
 Parallel Workers: 10
 Concurrent Workers: 3
 Concurrent Refinement Workers: 10
 Periodic GC: Disabled

Heap:
 garbage-first heap   total 305152K, used 236851K [0x0000000080000000, 0x0000000100000000)
  region size 1024K, 85 young (87040K), 15 survivors (15360K)
 Metaspace       used 133394K, committed 134400K, reserved 1179648K
  class space    used 19571K, committed 20096K, reserved 1048576K

Heap Regions: E=young(eden), S=young(survivor), O=old, HS=humongous(starts), HC=humongous(continues), CS=collection set, F=free, OA=open archive, CA=closed archive, TAMS=top-at-mark-start (previous, next)
|   0|0x0000000080000000, 0x0000000080100000, 0x0000000080100000|100%|HS|  |TAMS 0x0000000080100000, 0x0000000080000000| Complete 
|   1|0x0000000080100000, 0x0000000080200000, 0x0000000080200000|100%|HC|  |TAMS 0x0000000080200000, 0x0000000080100000| Complete 
|   2|0x0000000080200000, 0x0000000080300000, 0x0000000080300000|100%|HC|  |TAMS 0x0000000080300000, 0x0000000080200000| Complete 
|   3|0x0000000080300000, 0x0000000080400000, 0x0000000080400000|100%|HC|  |TAMS 0x0000000080400000, 0x0000000080300000| Complete 
|   4|0x0000000080400000, 0x0000000080500000, 0x0000000080500000|100%| O|  |TAMS 0x0000000080500000, 0x0000000080400000| Untracked 
|   5|0x0000000080500000, 0x0000000080600000, 0x0000000080600000|100%| O|  |TAMS 0x0000000080600000, 0x0000000080500000| Untracked 
|   6|0x0000000080600000, 0x0000000080700000, 0x0000000080700000|100%| O|  |TAMS 0x0000000080700000, 0x0000000080600000| Untracked 
|   7|0x0000000080700000, 0x0000000080800000, 0x0000000080800000|100%| O|  |TAMS 0x0000000080800000, 0x0000000080700000| Untracked 
|   8|0x0000000080800000, 0x0000000080900000, 0x0000000080900000|100%| O|  |TAMS 0x0000000080900000, 0x0000000080800000| Untracked 
|   9|0x0000000080900000, 0x0000000080a00000, 0x0000000080a00000|100%| O|  |TAMS 0x0000000080a00000, 0x0000000080900000| Untracked 
|  10|0x0000000080a00000, 0x0000000080b00000, 0x0000000080b00000|100%| O|  |TAMS 0x0000000080b00000, 0x0000000080a00000| Untracked 
|  11|0x0000000080b00000, 0x0000000080c00000, 0x0000000080c00000|100%| O|  |TAMS 0x0000000080c00000, 0x0000000080b00000| Untracked 
|  12|0x0000000080c00000, 0x0000000080d00000, 0x0000000080d00000|100%| O|  |TAMS 0x0000000080d00000, 0x0000000080c00000| Untracked 
|  13|0x0000000080d00000, 0x0000000080e00000, 0x0000000080e00000|100%| O|  |TAMS 0x0000000080e00000, 0x0000000080d00000| Untracked 
|  14|0x0000000080e00000, 0x0000000080f00000, 0x0000000080f00000|100%| O|  |TAMS 0x0000000080f00000, 0x0000000080e00000| Untracked 
|  15|0x0000000080f00000, 0x0000000081000000, 0x0000000081000000|100%| O|  |TAMS 0x0000000081000000, 0x0000000080f00000| Untracked 
|  16|0x0000000081000000, 0x0000000081100000, 0x0000000081100000|100%| O|  |TAMS 0x0000000081100000, 0x0000000081000000| Untracked 
|  17|0x0000000081100000, 0x0000000081200000, 0x0000000081200000|100%| O|  |TAMS 0x0000000081200000, 0x0000000081100000| Untracked 
|  18|0x0000000081200000, 0x0000000081300000, 0x0000000081300000|100%| O|  |TAMS 0x0000000081300000, 0x0000000081200000| Untracked 
|  19|0x0000000081300000, 0x0000000081400000, 0x0000000081400000|100%| O|  |TAMS 0x0000000081400000, 0x0000000081300000| Untracked 
|  20|0x0000000081400000, 0x0000000081500000, 0x0000000081500000|100%| O|  |TAMS 0x0000000081500000, 0x0000000081400000| Untracked 
|  21|0x0000000081500000, 0x0000000081600000, 0x0000000081600000|100%| O|  |TAMS 0x0000000081600000, 0x0000000081500000| Untracked 
|  22|0x0000000081600000, 0x0000000081700000, 0x0000000081700000|100%| O|  |TAMS 0x0000000081700000, 0x0000000081600000| Untracked 
|  23|0x0000000081700000, 0x0000000081800000, 0x0000000081800000|100%| O|  |TAMS 0x0000000081800000, 0x0000000081700000| Untracked 
|  24|0x0000000081800000, 0x0000000081900000, 0x0000000081900000|100%| O|  |TAMS 0x0000000081900000, 0x0000000081800000| Untracked 
|  25|0x0000000081900000, 0x0000000081a00000, 0x0000000081a00000|100%| O|  |TAMS 0x0000000081a00000, 0x0000000081900000| Untracked 
|  26|0x0000000081a00000, 0x0000000081b00000, 0x0000000081b00000|100%| O|  |TAMS 0x0000000081b00000, 0x0000000081a00000| Untracked 
|  27|0x0000000081b00000, 0x0000000081c00000, 0x0000000081c00000|100%| O|  |TAMS 0x0000000081c00000, 0x0000000081b00000| Untracked 
|  28|0x0000000081c00000, 0x0000000081d00000, 0x0000000081d00000|100%| O|  |TAMS 0x0000000081d00000, 0x0000000081c00000| Untracked 
|  29|0x0000000081d00000, 0x0000000081e00000, 0x0000000081e00000|100%| O|  |TAMS 0x0000000081e00000, 0x0000000081d00000| Untracked 
|  30|0x0000000081e00000, 0x0000000081f00000, 0x0000000081f00000|100%| O|  |TAMS 0x0000000081f00000, 0x0000000081e00000| Untracked 
|  31|0x0000000081f00000, 0x0000000082000000, 0x0000000082000000|100%|HS|  |TAMS 0x0000000082000000, 0x0000000081f00000| Complete 
|  32|0x0000000082000000, 0x0000000082100000, 0x0000000082100000|100%|HS|  |TAMS 0x0000000082100000, 0x0000000082000000| Complete 
|  33|0x0000000082100000, 0x0000000082200000, 0x0000000082200000|100%|HS|  |TAMS 0x0000000082200000, 0x0000000082100000| Complete 
|  34|0x0000000082200000, 0x0000000082300000, 0x0000000082300000|100%|HC|  |TAMS 0x0000000082300000, 0x0000000082200000| Complete 
|  35|0x0000000082300000, 0x0000000082400000, 0x0000000082400000|100%|HS|  |TAMS 0x0000000082400000, 0x0000000082300000| Complete 
|  36|0x0000000082400000, 0x0000000082500000, 0x0000000082500000|100%|HC|  |TAMS 0x0000000082500000, 0x0000000082400000| Complete 
|  37|0x0000000082500000, 0x0000000082600000, 0x0000000082600000|100%|HS|  |TAMS 0x0000000082600000, 0x0000000082500000| Complete 
|  38|0x0000000082600000, 0x0000000082700000, 0x0000000082700000|100%|HS|  |TAMS 0x0000000082700000, 0x0000000082600000| Complete 
|  39|0x0000000082700000, 0x0000000082800000, 0x0000000082800000|100%|HC|  |TAMS 0x0000000082800000, 0x0000000082700000| Complete 
|  40|0x0000000082800000, 0x0000000082900000, 0x0000000082900000|100%|HC|  |TAMS 0x0000000082900000, 0x0000000082800000| Complete 
|  41|0x0000000082900000, 0x0000000082a00000, 0x0000000082a00000|100%|HC|  |TAMS 0x0000000082a00000, 0x0000000082900000| Complete 
|  42|0x0000000082a00000, 0x0000000082b00000, 0x0000000082b00000|100%|HS|  |TAMS 0x0000000082b00000, 0x0000000082a00000| Complete 
|  43|0x0000000082b00000, 0x0000000082c00000, 0x0000000082c00000|100%| O|  |TAMS 0x0000000082c00000, 0x0000000082b00000| Untracked 
|  44|0x0000000082c00000, 0x0000000082d00000, 0x0000000082d00000|100%| O|  |TAMS 0x0000000082d00000, 0x0000000082c00000| Untracked 
|  45|0x0000000082d00000, 0x0000000082e00000, 0x0000000082e00000|100%| O|  |TAMS 0x0000000082e00000, 0x0000000082d00000| Untracked 
|  46|0x0000000082e00000, 0x0000000082f00000, 0x0000000082f00000|100%| O|  |TAMS 0x0000000082f00000, 0x0000000082e00000| Untracked 
|  47|0x0000000082f00000, 0x0000000083000000, 0x0000000083000000|100%| O|  |TAMS 0x0000000083000000, 0x0000000082f00000| Untracked 
|  48|0x0000000083000000, 0x0000000083100000, 0x0000000083100000|100%| O|  |TAMS 0x0000000083100000, 0x0000000083000000| Untracked 
|  49|0x0000000083100000, 0x0000000083200000, 0x0000000083200000|100%| O|  |TAMS 0x0000000083200000, 0x0000000083100000| Untracked 
|  50|0x0000000083200000, 0x0000000083300000, 0x0000000083300000|100%| O|  |TAMS 0x0000000083300000, 0x0000000083200000| Untracked 
|  51|0x0000000083300000, 0x0000000083400000, 0x0000000083400000|100%| O|  |TAMS 0x0000000083400000, 0x0000000083300000| Untracked 
|  52|0x0000000083400000, 0x0000000083500000, 0x0000000083500000|100%| O|  |TAMS 0x0000000083500000, 0x0000000083400000| Untracked 
|  53|0x0000000083500000, 0x0000000083600000, 0x0000000083600000|100%| O|  |TAMS 0x0000000083600000, 0x0000000083500000| Untracked 
|  54|0x0000000083600000, 0x0000000083700000, 0x0000000083700000|100%| O|  |TAMS 0x0000000083700000, 0x0000000083600000| Untracked 
|  55|0x0000000083700000, 0x0000000083800000, 0x0000000083800000|100%| O|  |TAMS 0x0000000083800000, 0x0000000083700000| Untracked 
|  56|0x0000000083800000, 0x0000000083900000, 0x0000000083900000|100%| O|  |TAMS 0x0000000083900000, 0x0000000083800000| Untracked 
|  57|0x0000000083900000, 0x0000000083a00000, 0x0000000083a00000|100%|HS|  |TAMS 0x0000000083a00000, 0x0000000083900000| Complete 
|  58|0x0000000083a00000, 0x0000000083b00000, 0x0000000083b00000|100%| O|  |TAMS 0x0000000083b00000, 0x0000000083a00000| Untracked 
|  59|0x0000000083b00000, 0x0000000083c00000, 0x0000000083c00000|100%|HS|  |TAMS 0x0000000083c00000, 0x0000000083b00000| Complete 
|  60|0x0000000083c00000, 0x0000000083d00000, 0x0000000083d00000|100%|HC|  |TAMS 0x0000000083d00000, 0x0000000083c00000| Complete 
|  61|0x0000000083d00000, 0x0000000083e00000, 0x0000000083e00000|100%|HC|  |TAMS 0x0000000083e00000, 0x0000000083d00000| Complete 
|  62|0x0000000083e00000, 0x0000000083f00000, 0x0000000083f00000|100%|HC|  |TAMS 0x0000000083f00000, 0x0000000083e00000| Complete 
|  63|0x0000000083f00000, 0x0000000084000000, 0x0000000084000000|100%| O|  |TAMS 0x0000000084000000, 0x0000000083f00000| Untracked 
|  64|0x0000000084000000, 0x0000000084100000, 0x0000000084100000|100%| O|  |TAMS 0x0000000084100000, 0x0000000084000000| Untracked 
|  65|0x0000000084100000, 0x0000000084200000, 0x0000000084200000|100%| O|  |TAMS 0x0000000084200000, 0x0000000084100000| Untracked 
|  66|0x0000000084200000, 0x0000000084300000, 0x0000000084300000|100%| O|  |TAMS 0x0000000084300000, 0x0000000084200000| Untracked 
|  67|0x0000000084300000, 0x0000000084400000, 0x0000000084400000|100%| O|  |TAMS 0x0000000084400000, 0x0000000084300000| Untracked 
|  68|0x0000000084400000, 0x0000000084500000, 0x0000000084500000|100%| O|  |TAMS 0x0000000084500000, 0x0000000084400000| Untracked 
|  69|0x0000000084500000, 0x0000000084600000, 0x0000000084600000|100%| O|  |TAMS 0x0000000084600000, 0x0000000084500000| Untracked 
|  70|0x0000000084600000, 0x0000000084700000, 0x0000000084700000|100%| O|  |TAMS 0x0000000084700000, 0x0000000084600000| Untracked 
|  71|0x0000000084700000, 0x0000000084800000, 0x0000000084800000|100%| O|  |TAMS 0x0000000084800000, 0x0000000084700000| Untracked 
|  72|0x0000000084800000, 0x0000000084900000, 0x0000000084900000|100%| O|  |TAMS 0x0000000084900000, 0x0000000084800000| Untracked 
|  73|0x0000000084900000, 0x0000000084a00000, 0x0000000084a00000|100%| O|  |TAMS 0x0000000084a00000, 0x0000000084900000| Untracked 
|  74|0x0000000084a00000, 0x0000000084b00000, 0x0000000084b00000|100%| O|  |TAMS 0x0000000084b00000, 0x0000000084a00000| Untracked 
|  75|0x0000000084b00000, 0x0000000084c00000, 0x0000000084c00000|100%| O|  |TAMS 0x0000000084c00000, 0x0000000084b00000| Untracked 
|  76|0x0000000084c00000, 0x0000000084d00000, 0x0000000084d00000|100%| O|  |TAMS 0x0000000084d00000, 0x0000000084c00000| Untracked 
|  77|0x0000000084d00000, 0x0000000084e00000, 0x0000000084e00000|100%| O|  |TAMS 0x0000000084d00000, 0x0000000084d00000| Untracked 
|  78|0x0000000084e00000, 0x0000000084f00000, 0x0000000084f00000|100%| O|  |TAMS 0x0000000084f00000, 0x0000000084e00000| Untracked 
|  79|0x0000000084f00000, 0x0000000085000000, 0x0000000085000000|100%| O|  |TAMS 0x0000000085000000, 0x0000000084f00000| Untracked 
|  80|0x0000000085000000, 0x0000000085100000, 0x0000000085100000|100%| O|  |TAMS 0x0000000085100000, 0x0000000085000000| Untracked 
|  81|0x0000000085100000, 0x0000000085200000, 0x0000000085200000|100%| O|  |TAMS 0x0000000085200000, 0x0000000085100000| Untracked 
|  82|0x0000000085200000, 0x0000000085300000, 0x0000000085300000|100%| O|  |TAMS 0x0000000085200000, 0x0000000085200000| Untracked 
|  83|0x0000000085300000, 0x0000000085400000, 0x0000000085400000|100%| O|  |TAMS 0x0000000085400000, 0x0000000085300000| Untracked 
|  84|0x0000000085400000, 0x0000000085500000, 0x0000000085500000|100%| O|  |TAMS 0x0000000085500000, 0x0000000085400000| Untracked 
|  85|0x0000000085500000, 0x0000000085600000, 0x0000000085600000|100%| O|  |TAMS 0x0000000085600000, 0x0000000085500000| Untracked 
|  86|0x0000000085600000, 0x0000000085700000, 0x0000000085700000|100%| O|  |TAMS 0x0000000085700000, 0x0000000085600000| Untracked 
|  87|0x0000000085700000, 0x0000000085800000, 0x0000000085800000|100%| O|  |TAMS 0x0000000085800000, 0x0000000085700000| Untracked 
|  88|0x0000000085800000, 0x0000000085900000, 0x0000000085900000|100%| O|  |TAMS 0x0000000085900000, 0x0000000085800000| Untracked 
|  89|0x0000000085900000, 0x0000000085a00000, 0x0000000085a00000|100%| O|  |TAMS 0x0000000085a00000, 0x0000000085900000| Untracked 
|  90|0x0000000085a00000, 0x0000000085b00000, 0x0000000085b00000|100%| O|  |TAMS 0x0000000085b00000, 0x0000000085a00000| Untracked 
|  91|0x0000000085b00000, 0x0000000085c00000, 0x0000000085c00000|100%| O|  |TAMS 0x0000000085c00000, 0x0000000085b00000| Untracked 
|  92|0x0000000085c00000, 0x0000000085d00000, 0x0000000085d00000|100%| O|  |TAMS 0x0000000085d00000, 0x0000000085c00000| Untracked 
|  93|0x0000000085d00000, 0x0000000085e00000, 0x0000000085e00000|100%| O|  |TAMS 0x0000000085e00000, 0x0000000085d00000| Untracked 
|  94|0x0000000085e00000, 0x0000000085f00000, 0x0000000085f00000|100%| O|  |TAMS 0x0000000085f00000, 0x0000000085e00000| Untracked 
|  95|0x0000000085f00000, 0x0000000086000000, 0x0000000086000000|100%| O|  |TAMS 0x0000000086000000, 0x0000000085f00000| Untracked 
|  96|0x0000000086000000, 0x0000000086100000, 0x0000000086100000|100%| O|  |TAMS 0x0000000086100000, 0x0000000086000000| Untracked 
|  97|0x0000000086100000, 0x0000000086200000, 0x0000000086200000|100%| O|  |TAMS 0x0000000086200000, 0x0000000086100000| Untracked 
|  98|0x0000000086200000, 0x0000000086300000, 0x0000000086300000|100%| O|  |TAMS 0x0000000086200000, 0x0000000086200000| Untracked 
|  99|0x0000000086300000, 0x0000000086400000, 0x0000000086400000|100%| O|  |TAMS 0x0000000086400000, 0x0000000086300000| Untracked 
| 100|0x0000000086400000, 0x0000000086500000, 0x0000000086500000|100%| O|  |TAMS 0x0000000086500000, 0x0000000086400000| Untracked 
| 101|0x0000000086500000, 0x0000000086600000, 0x0000000086600000|100%| O|  |TAMS 0x0000000086600000, 0x0000000086500000| Untracked 
| 102|0x0000000086600000, 0x0000000086700000, 0x0000000086700000|100%| O|  |TAMS 0x0000000086700000, 0x0000000086600000| Untracked 
| 103|0x0000000086700000, 0x0000000086800000, 0x0000000086800000|100%| O|  |TAMS 0x0000000086800000, 0x0000000086700000| Untracked 
| 104|0x0000000086800000, 0x0000000086900000, 0x0000000086900000|100%| O|  |TAMS 0x0000000086900000, 0x0000000086800000| Untracked 
| 105|0x0000000086900000, 0x0000000086a00000, 0x0000000086a00000|100%| O|  |TAMS 0x0000000086900000, 0x0000000086900000| Untracked 
| 106|0x0000000086a00000, 0x0000000086b00000, 0x0000000086b00000|100%| O|  |TAMS 0x0000000086b00000, 0x0000000086a00000| Untracked 
| 107|0x0000000086b00000, 0x0000000086c00000, 0x0000000086c00000|100%| O|  |TAMS 0x0000000086c00000, 0x0000000086b00000| Untracked 
| 108|0x0000000086c00000, 0x0000000086d00000, 0x0000000086d00000|100%| O|  |TAMS 0x0000000086d00000, 0x0000000086c00000| Untracked 
| 109|0x0000000086d00000, 0x0000000086e00000, 0x0000000086e00000|100%| O|  |TAMS 0x0000000086e00000, 0x0000000086d00000| Untracked 
| 110|0x0000000086e00000, 0x0000000086f00000, 0x0000000086f00000|100%| O|  |TAMS 0x0000000086f00000, 0x0000000086e00000| Untracked 
| 111|0x0000000086f00000, 0x0000000087000000, 0x0000000087000000|100%| O|  |TAMS 0x0000000087000000, 0x0000000086f00000| Untracked 
| 112|0x0000000087000000, 0x0000000087100000, 0x0000000087100000|100%| O|  |TAMS 0x0000000087100000, 0x0000000087000000| Untracked 
| 113|0x0000000087100000, 0x0000000087200000, 0x0000000087200000|100%| O|  |TAMS 0x0000000087200000, 0x0000000087100000| Untracked 
| 114|0x0000000087200000, 0x0000000087300000, 0x0000000087300000|100%| O|  |TAMS 0x0000000087300000, 0x0000000087200000| Untracked 
| 115|0x0000000087300000, 0x0000000087400000, 0x0000000087400000|100%| O|  |TAMS 0x0000000087400000, 0x0000000087300000| Untracked 
| 116|0x0000000087400000, 0x0000000087500000, 0x0000000087500000|100%| O|  |TAMS 0x0000000087500000, 0x0000000087400000| Untracked 
| 117|0x0000000087500000, 0x0000000087600000, 0x0000000087600000|100%| O|  |TAMS 0x0000000087500000, 0x0000000087500000| Untracked 
| 118|0x0000000087600000, 0x0000000087700000, 0x0000000087700000|100%| O|  |TAMS 0x0000000087700000, 0x0000000087600000| Untracked 
| 119|0x0000000087700000, 0x0000000087800000, 0x0000000087800000|100%| O|  |TAMS 0x0000000087800000, 0x0000000087700000| Untracked 
| 120|0x0000000087800000, 0x0000000087900000, 0x0000000087900000|100%| O|  |TAMS 0x0000000087900000, 0x0000000087800000| Untracked 
| 121|0x0000000087900000, 0x0000000087a00000, 0x0000000087a00000|100%| O|  |TAMS 0x0000000087a00000, 0x0000000087900000| Untracked 
| 122|0x0000000087a00000, 0x0000000087b00000, 0x0000000087b00000|100%| O|  |TAMS 0x0000000087b00000, 0x0000000087a00000| Untracked 
| 123|0x0000000087b00000, 0x0000000087c00000, 0x0000000087c00000|100%| O|  |TAMS 0x0000000087c00000, 0x0000000087b00000| Untracked 
| 124|0x0000000087c00000, 0x0000000087d00000, 0x0000000087d00000|100%| O|  |TAMS 0x0000000087d00000, 0x0000000087c00000| Untracked 
| 125|0x0000000087d00000, 0x0000000087e00000, 0x0000000087e00000|100%| O|  |TAMS 0x0000000087e00000, 0x0000000087d00000| Untracked 
| 126|0x0000000087e00000, 0x0000000087f00000, 0x0000000087f00000|100%| O|  |TAMS 0x0000000087f00000, 0x0000000087e00000| Untracked 
| 127|0x0000000087f00000, 0x0000000088000000, 0x0000000088000000|100%| O|  |TAMS 0x0000000088000000, 0x0000000087f00000| Untracked 
| 128|0x0000000088000000, 0x0000000088100000, 0x0000000088100000|100%| O|  |TAMS 0x0000000088100000, 0x0000000088000000| Untracked 
| 129|0x0000000088100000, 0x0000000088200000, 0x0000000088200000|100%| O|  |TAMS 0x000000008813f400, 0x0000000088100000| Untracked 
| 130|0x0000000088200000, 0x0000000088300000, 0x0000000088300000|100%| O|  |TAMS 0x0000000088200000, 0x0000000088200000| Untracked 
| 131|0x0000000088300000, 0x0000000088400000, 0x0000000088400000|100%| O|  |TAMS 0x0000000088300000, 0x0000000088300000| Untracked 
| 132|0x0000000088400000, 0x0000000088500000, 0x0000000088500000|100%| O|  |TAMS 0x0000000088400000, 0x0000000088400000| Untracked 
| 133|0x0000000088500000, 0x0000000088600000, 0x0000000088600000|100%| O|  |TAMS 0x0000000088500000, 0x0000000088500000| Untracked 
| 134|0x0000000088600000, 0x0000000088700000, 0x0000000088700000|100%| O|  |TAMS 0x0000000088600000, 0x0000000088600000| Untracked 
| 135|0x0000000088700000, 0x000000008874cc00, 0x0000000088800000| 29%| O|  |TAMS 0x0000000088700000, 0x0000000088700000| Untracked 
| 136|0x0000000088800000, 0x0000000088900000, 0x0000000088900000|100%|HS|  |TAMS 0x0000000088800000, 0x0000000088800000| Complete 
| 137|0x0000000088900000, 0x0000000088a00000, 0x0000000088a00000|100%|HC|  |TAMS 0x0000000088900000, 0x0000000088900000| Complete 
| 138|0x0000000088a00000, 0x0000000088b00000, 0x0000000088b00000|100%|HS|  |TAMS 0x0000000088a00000, 0x0000000088a00000| Complete 
| 139|0x0000000088b00000, 0x0000000088c00000, 0x0000000088c00000|100%|HC|  |TAMS 0x0000000088b00000, 0x0000000088b00000| Complete 
| 140|0x0000000088c00000, 0x0000000088d00000, 0x0000000088d00000|100%|HS|  |TAMS 0x0000000088c00000, 0x0000000088c00000| Complete 
| 141|0x0000000088d00000, 0x0000000088e00000, 0x0000000088e00000|100%|HC|  |TAMS 0x0000000088d00000, 0x0000000088d00000| Complete 
| 142|0x0000000088e00000, 0x0000000088f00000, 0x0000000088f00000|100%|HS|  |TAMS 0x0000000088e00000, 0x0000000088e00000| Complete 
| 143|0x0000000088f00000, 0x0000000089000000, 0x0000000089000000|100%|HC|  |TAMS 0x0000000088f00000, 0x0000000088f00000| Complete 
| 144|0x0000000089000000, 0x0000000089100000, 0x0000000089100000|100%|HS|  |TAMS 0x0000000089000000, 0x0000000089000000| Complete 
| 145|0x0000000089100000, 0x0000000089200000, 0x0000000089200000|100%|HC|  |TAMS 0x0000000089100000, 0x0000000089100000| Complete 
| 146|0x0000000089200000, 0x0000000089300000, 0x0000000089300000|100%|HS|  |TAMS 0x0000000089200000, 0x0000000089200000| Complete 
| 147|0x0000000089300000, 0x0000000089400000, 0x0000000089400000|100%|HC|  |TAMS 0x0000000089300000, 0x0000000089300000| Complete 
| 148|0x0000000089400000, 0x0000000089500000, 0x0000000089500000|100%|HS|  |TAMS 0x0000000089400000, 0x0000000089400000| Complete 
| 149|0x0000000089500000, 0x0000000089500000, 0x0000000089600000|  0%| F|  |TAMS 0x0000000089500000, 0x0000000089500000| Untracked 
| 150|0x0000000089600000, 0x0000000089600000, 0x0000000089700000|  0%| F|  |TAMS 0x0000000089600000, 0x0000000089600000| Untracked 
| 151|0x0000000089700000, 0x0000000089700000, 0x0000000089800000|  0%| F|  |TAMS 0x0000000089700000, 0x0000000089700000| Untracked 
| 152|0x0000000089800000, 0x0000000089800000, 0x0000000089900000|  0%| F|  |TAMS 0x0000000089800000, 0x0000000089800000| Untracked 
| 153|0x0000000089900000, 0x0000000089900000, 0x0000000089a00000|  0%| F|  |TAMS 0x0000000089900000, 0x0000000089900000| Untracked 
| 154|0x0000000089a00000, 0x0000000089a00000, 0x0000000089b00000|  0%| F|  |TAMS 0x0000000089a00000, 0x0000000089a00000| Untracked 
| 155|0x0000000089b00000, 0x0000000089b00000, 0x0000000089c00000|  0%| F|  |TAMS 0x0000000089b00000, 0x0000000089b00000| Untracked 
| 156|0x0000000089c00000, 0x0000000089c00000, 0x0000000089d00000|  0%| F|  |TAMS 0x0000000089c00000, 0x0000000089c00000| Untracked 
| 157|0x0000000089d00000, 0x0000000089d00000, 0x0000000089e00000|  0%| F|  |TAMS 0x0000000089d00000, 0x0000000089d00000| Untracked 
| 158|0x0000000089e00000, 0x0000000089e00000, 0x0000000089f00000|  0%| F|  |TAMS 0x0000000089e00000, 0x0000000089e00000| Untracked 
| 159|0x0000000089f00000, 0x0000000089f00000, 0x000000008a000000|  0%| F|  |TAMS 0x0000000089f00000, 0x0000000089f00000| Untracked 
| 160|0x000000008a000000, 0x000000008a000000, 0x000000008a100000|  0%| F|  |TAMS 0x000000008a000000, 0x000000008a000000| Untracked 
| 161|0x000000008a100000, 0x000000008a100000, 0x000000008a200000|  0%| F|  |TAMS 0x000000008a100000, 0x000000008a100000| Untracked 
| 162|0x000000008a200000, 0x000000008a200000, 0x000000008a300000|  0%| F|  |TAMS 0x000000008a200000, 0x000000008a200000| Untracked 
| 163|0x000000008a300000, 0x000000008a300000, 0x000000008a400000|  0%| F|  |TAMS 0x000000008a300000, 0x000000008a300000| Untracked 
| 164|0x000000008a400000, 0x000000008a400000, 0x000000008a500000|  0%| F|  |TAMS 0x000000008a400000, 0x000000008a400000| Untracked 
| 165|0x000000008a500000, 0x000000008a500000, 0x000000008a600000|  0%| F|  |TAMS 0x000000008a500000, 0x000000008a500000| Untracked 
| 166|0x000000008a600000, 0x000000008a700000, 0x000000008a700000|100%| S|CS|TAMS 0x000000008a600000, 0x000000008a600000| Complete 
| 167|0x000000008a700000, 0x000000008a800000, 0x000000008a800000|100%| S|CS|TAMS 0x000000008a700000, 0x000000008a700000| Complete 
| 168|0x000000008a800000, 0x000000008a900000, 0x000000008a900000|100%| S|CS|TAMS 0x000000008a800000, 0x000000008a800000| Complete 
| 169|0x000000008a900000, 0x000000008aa00000, 0x000000008aa00000|100%| S|CS|TAMS 0x000000008a900000, 0x000000008a900000| Complete 
| 170|0x000000008aa00000, 0x000000008ab00000, 0x000000008ab00000|100%| S|CS|TAMS 0x000000008aa00000, 0x000000008aa00000| Complete 
| 171|0x000000008ab00000, 0x000000008ac00000, 0x000000008ac00000|100%| S|CS|TAMS 0x000000008ab00000, 0x000000008ab00000| Complete 
| 172|0x000000008ac00000, 0x000000008ac00000, 0x000000008ad00000|  0%| F|  |TAMS 0x000000008ac00000, 0x000000008ac00000| Untracked 
| 173|0x000000008ad00000, 0x000000008ad00000, 0x000000008ae00000|  0%| F|  |TAMS 0x000000008ad00000, 0x000000008ad00000| Untracked 
| 174|0x000000008ae00000, 0x000000008ae00000, 0x000000008af00000|  0%| F|  |TAMS 0x000000008ae00000, 0x000000008ae00000| Untracked 
| 175|0x000000008af00000, 0x000000008af00000, 0x000000008b000000|  0%| F|  |TAMS 0x000000008af00000, 0x000000008af00000| Untracked 
| 176|0x000000008b000000, 0x000000008b000000, 0x000000008b100000|  0%| F|  |TAMS 0x000000008b000000, 0x000000008b000000| Untracked 
| 177|0x000000008b100000, 0x000000008b100000, 0x000000008b200000|  0%| F|  |TAMS 0x000000008b100000, 0x000000008b100000| Untracked 
| 178|0x000000008b200000, 0x000000008b200000, 0x000000008b300000|  0%| F|  |TAMS 0x000000008b200000, 0x000000008b200000| Untracked 
| 179|0x000000008b300000, 0x000000008b300000, 0x000000008b400000|  0%| F|  |TAMS 0x000000008b300000, 0x000000008b300000| Untracked 
| 180|0x000000008b400000, 0x000000008b400000, 0x000000008b500000|  0%| F|  |TAMS 0x000000008b400000, 0x000000008b400000| Untracked 
| 181|0x000000008b500000, 0x000000008b600000, 0x000000008b600000|100%| S|CS|TAMS 0x000000008b500000, 0x000000008b500000| Complete 
| 182|0x000000008b600000, 0x000000008b700000, 0x000000008b700000|100%| S|CS|TAMS 0x000000008b600000, 0x000000008b600000| Complete 
| 183|0x000000008b700000, 0x000000008b800000, 0x000000008b800000|100%| S|CS|TAMS 0x000000008b700000, 0x000000008b700000| Complete 
| 184|0x000000008b800000, 0x000000008b900000, 0x000000008b900000|100%| S|CS|TAMS 0x000000008b800000, 0x000000008b800000| Complete 
| 185|0x000000008b900000, 0x000000008ba00000, 0x000000008ba00000|100%| S|CS|TAMS 0x000000008b900000, 0x000000008b900000| Complete 
| 186|0x000000008ba00000, 0x000000008bb00000, 0x000000008bb00000|100%| S|CS|TAMS 0x000000008ba00000, 0x000000008ba00000| Complete 
| 187|0x000000008bb00000, 0x000000008bc00000, 0x000000008bc00000|100%| S|CS|TAMS 0x000000008bb00000, 0x000000008bb00000| Complete 
| 188|0x000000008bc00000, 0x000000008bd00000, 0x000000008bd00000|100%| S|CS|TAMS 0x000000008bc00000, 0x000000008bc00000| Complete 
| 189|0x000000008bd00000, 0x000000008be00000, 0x000000008be00000|100%| S|CS|TAMS 0x000000008bd00000, 0x000000008bd00000| Complete 
| 190|0x000000008be00000, 0x000000008be00000, 0x000000008bf00000|  0%| F|  |TAMS 0x000000008be00000, 0x000000008be00000| Untracked 
| 191|0x000000008bf00000, 0x000000008bf00000, 0x000000008c000000|  0%| F|  |TAMS 0x000000008bf00000, 0x000000008bf00000| Untracked 
| 192|0x000000008c000000, 0x000000008c000000, 0x000000008c100000|  0%| F|  |TAMS 0x000000008c000000, 0x000000008c000000| Untracked 
| 193|0x000000008c100000, 0x000000008c100000, 0x000000008c200000|  0%| F|  |TAMS 0x000000008c100000, 0x000000008c100000| Untracked 
| 194|0x000000008c200000, 0x000000008c200000, 0x000000008c300000|  0%| F|  |TAMS 0x000000008c200000, 0x000000008c200000| Untracked 
| 195|0x000000008c300000, 0x000000008c300000, 0x000000008c400000|  0%| F|  |TAMS 0x000000008c300000, 0x000000008c300000| Untracked 
| 196|0x000000008c400000, 0x000000008c400000, 0x000000008c500000|  0%| F|  |TAMS 0x000000008c400000, 0x000000008c400000| Untracked 
| 197|0x000000008c500000, 0x000000008c500000, 0x000000008c600000|  0%| F|  |TAMS 0x000000008c500000, 0x000000008c500000| Untracked 
| 198|0x000000008c600000, 0x000000008c600000, 0x000000008c700000|  0%| F|  |TAMS 0x000000008c600000, 0x000000008c600000| Untracked 
| 199|0x000000008c700000, 0x000000008c700000, 0x000000008c800000|  0%| F|  |TAMS 0x000000008c700000, 0x000000008c700000| Untracked 
| 200|0x000000008c800000, 0x000000008c800000, 0x000000008c900000|  0%| F|  |TAMS 0x000000008c800000, 0x000000008c800000| Untracked 
| 201|0x000000008c900000, 0x000000008c900000, 0x000000008ca00000|  0%| F|  |TAMS 0x000000008c900000, 0x000000008c900000| Untracked 
| 202|0x000000008ca00000, 0x000000008ca00000, 0x000000008cb00000|  0%| F|  |TAMS 0x000000008ca00000, 0x000000008ca00000| Untracked 
| 203|0x000000008cb00000, 0x000000008cb00000, 0x000000008cc00000|  0%| F|  |TAMS 0x000000008cb00000, 0x000000008cb00000| Untracked 
| 204|0x000000008cc00000, 0x000000008cc00000, 0x000000008cd00000|  0%| F|  |TAMS 0x000000008cc00000, 0x000000008cc00000| Untracked 
| 205|0x000000008cd00000, 0x000000008cd00000, 0x000000008ce00000|  0%| F|  |TAMS 0x000000008cd00000, 0x000000008cd00000| Untracked 
| 206|0x000000008ce00000, 0x000000008ce00000, 0x000000008cf00000|  0%| F|  |TAMS 0x000000008ce00000, 0x000000008ce00000| Untracked 
| 207|0x000000008cf00000, 0x000000008cf00000, 0x000000008d000000|  0%| F|  |TAMS 0x000000008cf00000, 0x000000008cf00000| Untracked 
| 208|0x000000008d000000, 0x000000008d000000, 0x000000008d100000|  0%| F|  |TAMS 0x000000008d000000, 0x000000008d000000| Untracked 
| 209|0x000000008d100000, 0x000000008d100000, 0x000000008d200000|  0%| F|  |TAMS 0x000000008d100000, 0x000000008d100000| Untracked 
| 210|0x000000008d200000, 0x000000008d200000, 0x000000008d300000|  0%| F|  |TAMS 0x000000008d200000, 0x000000008d200000| Untracked 
| 211|0x000000008d300000, 0x000000008d300000, 0x000000008d400000|  0%| F|  |TAMS 0x000000008d300000, 0x000000008d300000| Untracked 
| 212|0x000000008d400000, 0x000000008d400000, 0x000000008d500000|  0%| F|  |TAMS 0x000000008d400000, 0x000000008d400000| Untracked 
| 213|0x000000008d500000, 0x000000008d500000, 0x000000008d600000|  0%| F|  |TAMS 0x000000008d500000, 0x000000008d500000| Untracked 
| 214|0x000000008d600000, 0x000000008d600000, 0x000000008d700000|  0%| F|  |TAMS 0x000000008d600000, 0x000000008d600000| Untracked 
| 215|0x000000008d700000, 0x000000008d700000, 0x000000008d800000|  0%| F|  |TAMS 0x000000008d700000, 0x000000008d700000| Untracked 
| 216|0x000000008d800000, 0x000000008d800000, 0x000000008d900000|  0%| F|  |TAMS 0x000000008d800000, 0x000000008d800000| Untracked 
| 217|0x000000008d900000, 0x000000008d900000, 0x000000008da00000|  0%| F|  |TAMS 0x000000008d900000, 0x000000008d900000| Untracked 
| 218|0x000000008da00000, 0x000000008da00000, 0x000000008db00000|  0%| F|  |TAMS 0x000000008da00000, 0x000000008da00000| Untracked 
| 219|0x000000008db00000, 0x000000008db00000, 0x000000008dc00000|  0%| F|  |TAMS 0x000000008db00000, 0x000000008db00000| Untracked 
| 220|0x000000008dc00000, 0x000000008dc00000, 0x000000008dd00000|  0%| F|  |TAMS 0x000000008dc00000, 0x000000008dc00000| Untracked 
| 221|0x000000008dd00000, 0x000000008dd00000, 0x000000008de00000|  0%| F|  |TAMS 0x000000008dd00000, 0x000000008dd00000| Untracked 
| 222|0x000000008de00000, 0x000000008de00000, 0x000000008df00000|  0%| F|  |TAMS 0x000000008de00000, 0x000000008de00000| Untracked 
| 223|0x000000008df00000, 0x000000008df00000, 0x000000008e000000|  0%| F|  |TAMS 0x000000008df00000, 0x000000008df00000| Untracked 
| 224|0x000000008e000000, 0x000000008e000000, 0x000000008e100000|  0%| F|  |TAMS 0x000000008e000000, 0x000000008e000000| Untracked 
| 225|0x000000008e100000, 0x000000008e100000, 0x000000008e200000|  0%| F|  |TAMS 0x000000008e100000, 0x000000008e100000| Untracked 
| 226|0x000000008e200000, 0x000000008e200000, 0x000000008e300000|  0%| F|  |TAMS 0x000000008e200000, 0x000000008e200000| Untracked 
| 227|0x000000008e300000, 0x000000008e300000, 0x000000008e400000|  0%| F|  |TAMS 0x000000008e300000, 0x000000008e300000| Untracked 
| 228|0x000000008e400000, 0x000000008e482700, 0x000000008e500000| 50%| E|  |TAMS 0x000000008e400000, 0x000000008e400000| Complete 
| 229|0x000000008e500000, 0x000000008e600000, 0x000000008e600000|100%| E|CS|TAMS 0x000000008e500000, 0x000000008e500000| Complete 
| 230|0x000000008e600000, 0x000000008e700000, 0x000000008e700000|100%| E|  |TAMS 0x000000008e600000, 0x000000008e600000| Complete 
| 231|0x000000008e700000, 0x000000008e800000, 0x000000008e800000|100%| E|CS|TAMS 0x000000008e700000, 0x000000008e700000| Complete 
| 232|0x000000008e800000, 0x000000008e900000, 0x000000008e900000|100%| E|CS|TAMS 0x000000008e800000, 0x000000008e800000| Complete 
| 233|0x000000008e900000, 0x000000008ea00000, 0x000000008ea00000|100%| E|CS|TAMS 0x000000008e900000, 0x000000008e900000| Complete 
| 234|0x000000008ea00000, 0x000000008eb00000, 0x000000008eb00000|100%| E|CS|TAMS 0x000000008ea00000, 0x000000008ea00000| Complete 
| 235|0x000000008eb00000, 0x000000008ec00000, 0x000000008ec00000|100%| E|CS|TAMS 0x000000008eb00000, 0x000000008eb00000| Complete 
| 236|0x000000008ec00000, 0x000000008ed00000, 0x000000008ed00000|100%| E|CS|TAMS 0x000000008ec00000, 0x000000008ec00000| Complete 
| 237|0x000000008ed00000, 0x000000008ee00000, 0x000000008ee00000|100%| E|CS|TAMS 0x000000008ed00000, 0x000000008ed00000| Complete 
| 238|0x000000008ee00000, 0x000000008ef00000, 0x000000008ef00000|100%| E|CS|TAMS 0x000000008ee00000, 0x000000008ee00000| Complete 
| 239|0x000000008ef00000, 0x000000008f000000, 0x000000008f000000|100%| E|CS|TAMS 0x000000008ef00000, 0x000000008ef00000| Complete 
| 240|0x000000008f000000, 0x000000008f100000, 0x000000008f100000|100%| E|CS|TAMS 0x000000008f000000, 0x000000008f000000| Complete 
| 241|0x000000008f100000, 0x000000008f200000, 0x000000008f200000|100%| E|CS|TAMS 0x000000008f100000, 0x000000008f100000| Complete 
| 242|0x000000008f200000, 0x000000008f300000, 0x000000008f300000|100%| E|CS|TAMS 0x000000008f200000, 0x000000008f200000| Complete 
| 243|0x000000008f300000, 0x000000008f400000, 0x000000008f400000|100%| E|CS|TAMS 0x000000008f300000, 0x000000008f300000| Complete 
| 244|0x000000008f400000, 0x000000008f500000, 0x000000008f500000|100%| E|CS|TAMS 0x000000008f400000, 0x000000008f400000| Complete 
| 245|0x000000008f500000, 0x000000008f600000, 0x000000008f600000|100%| E|CS|TAMS 0x000000008f500000, 0x000000008f500000| Complete 
| 246|0x000000008f600000, 0x000000008f700000, 0x000000008f700000|100%| E|CS|TAMS 0x000000008f600000, 0x000000008f600000| Complete 
| 247|0x000000008f700000, 0x000000008f800000, 0x000000008f800000|100%| E|CS|TAMS 0x000000008f700000, 0x000000008f700000| Complete 
| 248|0x000000008f800000, 0x000000008f900000, 0x000000008f900000|100%| E|CS|TAMS 0x000000008f800000, 0x000000008f800000| Complete 
| 249|0x000000008f900000, 0x000000008fa00000, 0x000000008fa00000|100%| E|CS|TAMS 0x000000008f900000, 0x000000008f900000| Complete 
| 250|0x000000008fa00000, 0x000000008fb00000, 0x000000008fb00000|100%| E|CS|TAMS 0x000000008fa00000, 0x000000008fa00000| Complete 
| 251|0x000000008fb00000, 0x000000008fc00000, 0x000000008fc00000|100%| E|CS|TAMS 0x000000008fb00000, 0x000000008fb00000| Complete 
| 252|0x000000008fc00000, 0x000000008fd00000, 0x000000008fd00000|100%| E|CS|TAMS 0x000000008fc00000, 0x000000008fc00000| Complete 
| 253|0x000000008fd00000, 0x000000008fe00000, 0x000000008fe00000|100%| E|CS|TAMS 0x000000008fd00000, 0x000000008fd00000| Complete 
| 254|0x000000008fe00000, 0x000000008ff00000, 0x000000008ff00000|100%| E|CS|TAMS 0x000000008fe00000, 0x000000008fe00000| Complete 
| 255|0x000000008ff00000, 0x0000000090000000, 0x0000000090000000|100%| E|CS|TAMS 0x000000008ff00000, 0x000000008ff00000| Complete 
| 256|0x0000000090000000, 0x0000000090100000, 0x0000000090100000|100%| E|CS|TAMS 0x0000000090000000, 0x0000000090000000| Complete 
| 257|0x0000000090100000, 0x0000000090200000, 0x0000000090200000|100%| E|CS|TAMS 0x0000000090100000, 0x0000000090100000| Complete 
| 258|0x0000000090200000, 0x0000000090300000, 0x0000000090300000|100%| E|CS|TAMS 0x0000000090200000, 0x0000000090200000| Complete 
| 259|0x0000000090300000, 0x0000000090400000, 0x0000000090400000|100%| E|CS|TAMS 0x0000000090300000, 0x0000000090300000| Complete 
| 260|0x0000000090400000, 0x0000000090500000, 0x0000000090500000|100%| E|CS|TAMS 0x0000000090400000, 0x0000000090400000| Complete 
| 261|0x0000000090500000, 0x0000000090600000, 0x0000000090600000|100%| E|CS|TAMS 0x0000000090500000, 0x0000000090500000| Complete 
| 262|0x0000000090600000, 0x0000000090700000, 0x0000000090700000|100%| E|CS|TAMS 0x0000000090600000, 0x0000000090600000| Complete 
| 263|0x0000000090700000, 0x0000000090800000, 0x0000000090800000|100%| E|CS|TAMS 0x0000000090700000, 0x0000000090700000| Complete 
| 264|0x0000000090800000, 0x0000000090900000, 0x0000000090900000|100%| E|CS|TAMS 0x0000000090800000, 0x0000000090800000| Complete 
| 265|0x0000000090900000, 0x0000000090a00000, 0x0000000090a00000|100%| E|CS|TAMS 0x0000000090900000, 0x0000000090900000| Complete 
| 266|0x0000000090a00000, 0x0000000090b00000, 0x0000000090b00000|100%| E|CS|TAMS 0x0000000090a00000, 0x0000000090a00000| Complete 
| 267|0x0000000090b00000, 0x0000000090c00000, 0x0000000090c00000|100%| E|CS|TAMS 0x0000000090b00000, 0x0000000090b00000| Complete 
| 268|0x0000000090c00000, 0x0000000090d00000, 0x0000000090d00000|100%| E|CS|TAMS 0x0000000090c00000, 0x0000000090c00000| Complete 
| 269|0x0000000090d00000, 0x0000000090e00000, 0x0000000090e00000|100%| E|CS|TAMS 0x0000000090d00000, 0x0000000090d00000| Complete 
| 270|0x0000000090e00000, 0x0000000090f00000, 0x0000000090f00000|100%| E|CS|TAMS 0x0000000090e00000, 0x0000000090e00000| Complete 
| 271|0x0000000090f00000, 0x0000000091000000, 0x0000000091000000|100%| E|CS|TAMS 0x0000000090f00000, 0x0000000090f00000| Complete 
| 272|0x0000000091000000, 0x0000000091100000, 0x0000000091100000|100%| E|CS|TAMS 0x0000000091000000, 0x0000000091000000| Complete 
| 273|0x0000000091100000, 0x0000000091200000, 0x0000000091200000|100%| E|CS|TAMS 0x0000000091100000, 0x0000000091100000| Complete 
| 274|0x0000000091200000, 0x0000000091300000, 0x0000000091300000|100%| E|CS|TAMS 0x0000000091200000, 0x0000000091200000| Complete 
| 275|0x0000000091300000, 0x0000000091400000, 0x0000000091400000|100%| E|CS|TAMS 0x0000000091300000, 0x0000000091300000| Complete 
| 276|0x0000000091400000, 0x0000000091500000, 0x0000000091500000|100%| E|CS|TAMS 0x0000000091400000, 0x0000000091400000| Complete 
| 277|0x0000000091500000, 0x0000000091600000, 0x0000000091600000|100%| E|CS|TAMS 0x0000000091500000, 0x0000000091500000| Complete 
| 278|0x0000000091600000, 0x0000000091700000, 0x0000000091700000|100%| E|CS|TAMS 0x0000000091600000, 0x0000000091600000| Complete 
| 279|0x0000000091700000, 0x0000000091800000, 0x0000000091800000|100%| E|CS|TAMS 0x0000000091700000, 0x0000000091700000| Complete 
| 280|0x0000000091800000, 0x0000000091900000, 0x0000000091900000|100%| E|CS|TAMS 0x0000000091800000, 0x0000000091800000| Complete 
| 281|0x0000000091900000, 0x0000000091a00000, 0x0000000091a00000|100%| E|CS|TAMS 0x0000000091900000, 0x0000000091900000| Complete 
| 282|0x0000000091a00000, 0x0000000091b00000, 0x0000000091b00000|100%| E|CS|TAMS 0x0000000091a00000, 0x0000000091a00000| Complete 
| 283|0x0000000091b00000, 0x0000000091c00000, 0x0000000091c00000|100%| E|CS|TAMS 0x0000000091b00000, 0x0000000091b00000| Complete 
| 284|0x0000000091c00000, 0x0000000091d00000, 0x0000000091d00000|100%| E|CS|TAMS 0x0000000091c00000, 0x0000000091c00000| Complete 
| 285|0x0000000091d00000, 0x0000000091e00000, 0x0000000091e00000|100%| E|CS|TAMS 0x0000000091d00000, 0x0000000091d00000| Complete 
| 286|0x0000000091e00000, 0x0000000091f00000, 0x0000000091f00000|100%| E|CS|TAMS 0x0000000091e00000, 0x0000000091e00000| Complete 
| 287|0x0000000091f00000, 0x0000000092000000, 0x0000000092000000|100%| E|CS|TAMS 0x0000000091f00000, 0x0000000091f00000| Complete 
| 288|0x0000000092000000, 0x0000000092100000, 0x0000000092100000|100%| E|CS|TAMS 0x0000000092000000, 0x0000000092000000| Complete 
| 289|0x0000000092100000, 0x0000000092200000, 0x0000000092200000|100%| E|CS|TAMS 0x0000000092100000, 0x0000000092100000| Complete 
| 290|0x0000000092200000, 0x0000000092300000, 0x0000000092300000|100%| E|CS|TAMS 0x0000000092200000, 0x0000000092200000| Complete 
| 291|0x0000000092300000, 0x0000000092400000, 0x0000000092400000|100%| E|CS|TAMS 0x0000000092300000, 0x0000000092300000| Complete 
| 292|0x0000000092400000, 0x0000000092500000, 0x0000000092500000|100%| E|CS|TAMS 0x0000000092400000, 0x0000000092400000| Complete 
| 293|0x0000000092500000, 0x0000000092600000, 0x0000000092600000|100%| E|CS|TAMS 0x0000000092500000, 0x0000000092500000| Complete 
| 294|0x0000000092600000, 0x0000000092700000, 0x0000000092700000|100%| E|CS|TAMS 0x0000000092600000, 0x0000000092600000| Complete 
| 295|0x0000000092700000, 0x0000000092800000, 0x0000000092800000|100%| E|CS|TAMS 0x0000000092700000, 0x0000000092700000| Complete 
| 296|0x0000000092800000, 0x0000000092900000, 0x0000000092900000|100%| E|CS|TAMS 0x0000000092800000, 0x0000000092800000| Complete 
| 297|0x0000000092900000, 0x0000000092a00000, 0x0000000092a00000|100%| E|CS|TAMS 0x0000000092900000, 0x0000000092900000| Complete 

Card table byte_map: [0x000001b2c0e40000,0x000001b2c1240000] _byte_map_base: 0x000001b2c0a40000

Marking Bits (Prev, Next): (CMBitMap*) 0x000001b2ae075ca0, (CMBitMap*) 0x000001b2ae075ce0
 Prev Bits: [0x000001b2c1640000, 0x000001b2c3640000)
 Next Bits: [0x000001b2c3640000, 0x000001b2c5640000)

Polling page: 0x000001b2ad7e0000

Metaspace:

Usage:
  Non-class:    111.16 MB used.
      Class:     19.11 MB used.
       Both:    130.27 MB used.

Virtual space:
  Non-class space:      128.00 MB reserved,     111.62 MB ( 87%) committed,  2 nodes.
      Class space:        1.00 GB reserved,      19.62 MB (  2%) committed,  1 nodes.
             Both:        1.12 GB reserved,     131.25 MB ( 11%) committed. 

Chunk freelists:
   Non-Class:  15.64 MB
       Class:  12.36 MB
        Both:  28.00 MB

MaxMetaspaceSize: unlimited
CompressedClassSpaceSize: 1.00 GB
Initial GC threshold: 21.00 MB
Current GC threshold: 191.06 MB
CDS: off
MetaspaceReclaimPolicy: balanced
 - commit_granule_bytes: 65536.
 - commit_granule_words: 8192.
 - virtual_space_node_default_size: 8388608.
 - enlarge_chunks_in_place: 1.
 - new_chunks_are_fully_committed: 0.
 - uncommit_free_chunks: 1.
 - use_allocation_guard: 0.
 - handle_deallocations: 1.


Internal statistics:

num_allocs_failed_limit: 6.
num_arena_births: 1784.
num_arena_deaths: 52.
num_vsnodes_births: 3.
num_vsnodes_deaths: 0.
num_space_committed: 2099.
num_space_uncommitted: 0.
num_chunks_returned_to_freelist: 77.
num_chunks_taken_from_freelist: 7014.
num_chunk_merges: 38.
num_chunk_splits: 4613.
num_chunks_enlarged: 3006.
num_inconsistent_stats: 0.

CodeHeap 'non-profiled nmethods': size=120000Kb used=9594Kb max_used=9594Kb free=110405Kb
 bounds [0x000001b2b8fc0000, 0x000001b2b9920000, 0x000001b2c04f0000]
CodeHeap 'profiled nmethods': size=120000Kb used=29986Kb max_used=29986Kb free=90013Kb
 bounds [0x000001b2b14f0000, 0x000001b2b3240000, 0x000001b2b8a20000]
CodeHeap 'non-nmethods': size=5760Kb used=2467Kb max_used=2526Kb free=3292Kb
 bounds [0x000001b2b8a20000, 0x000001b2b8ca0000, 0x000001b2b8fc0000]
 total_blobs=16858 nmethods=15850 adapters=919
 compilation: enabled
              stopped_count=0, restarted_count=0
 full_count=0

Compilation events (20 events):
Event: 529.372 Thread 0x000001b2d2799f40 nmethod 18371 0x000001b2b9918a90 code [0x000001b2b9918d80, 0x000001b2b991a798]
Event: 529.372 Thread 0x000001b2d2799f40 18399       4       org.gradle.internal.component.external.model.AbstractLazyModuleComponentResolveMetadata::getId (5 bytes)
Event: 529.372 Thread 0x000001b2d2799f40 nmethod 18399 0x000001b2b991b910 code [0x000001b2b991ba80, 0x000001b2b991baf8]
Event: 529.372 Thread 0x000001b2d2799f40 18385       4       org.gradle.api.internal.artifacts.ivyservice.modulecache.StringDeduplicatingDecoder::readBoolean (10 bytes)
Event: 529.374 Thread 0x000001b2c84aecc0 18405       3       org.gradle.api.internal.artifacts.dependencies.DefaultResolvedVersionConstraint::<init> (171 bytes)
Event: 529.375 Thread 0x000001b2c84aecc0 nmethod 18405 0x000001b2b322ca90 code [0x000001b2b322cda0, 0x000001b2b322e208]
Event: 529.379 Thread 0x000001b2d2799f40 nmethod 18385 0x000001b2b991bc10 code [0x000001b2b991be20, 0x000001b2b991c4c0]
Event: 529.379 Thread 0x000001b2d2799f40 18396       4       java.util.stream.ReduceOps$3::makeSink (20 bytes)
Event: 529.380 Thread 0x000001b2d2799f40 nmethod 18396 0x000001b2b991ca10 code [0x000001b2b991cba0, 0x000001b2b991cc98]
Event: 529.380 Thread 0x000001b2d2799f40 18397       4       java.util.stream.ReduceOps$3::makeSink (5 bytes)
Event: 529.380 Thread 0x000001b2d2799f40 nmethod 18397 0x000001b2b991cd90 code [0x000001b2b991cf20, 0x000001b2b991d018]
Event: 529.380 Thread 0x000001b2d2799f40 18395       4       java.util.stream.ReduceOps$3::getOpFlags (28 bytes)
Event: 529.382 Thread 0x000001b2d2799f40 nmethod 18395 0x000001b2b991d110 code [0x000001b2b991d2a0, 0x000001b2b991d418]
Event: 529.382 Thread 0x000001b2d2799f40 18375       4       com.google.common.collect.AbstractIterator::next (37 bytes)
Event: 529.385 Thread 0x000001b2d2799f40 nmethod 18375 0x000001b2b991d610 code [0x000001b2b991d7c0, 0x000001b2b991dcb8]
Event: 529.385 Thread 0x000001b2d2799f40 18408       4       java.math.BigInteger::longValue (32 bytes)
Event: 529.387 Thread 0x000001b2d2799f40 nmethod 18408 0x000001b2b991de90 code [0x000001b2b991e020, 0x000001b2b991e248]
Event: 529.387 Thread 0x000001b2d2799f40 18370       4       org.gradle.api.internal.artifacts.ModuleComponentSelectorSerializer::readVersionConstraint (91 bytes)
Event: 529.390 Thread 0x000001b2c84aecc0 18409       3       org.gradle.api.internal.artifacts.ivyservice.resolveengine.graph.builder.NodeState::computeExclusionFilterSingleIncomingEdge (49 bytes)
Event: 529.391 Thread 0x000001b2c84aecc0 nmethod 18409 0x000001b2b322e890 code [0x000001b2b322eaa0, 0x000001b2b322f158]

GC Heap History (20 events):
Event: 12.930 GC heap before
{Heap before GC invocations=31 (full 0):
 garbage-first heap   total 253952K, used 200571K [0x0000000080000000, 0x0000000100000000)
  region size 1024K, 98 young (100352K), 10 survivors (10240K)
 Metaspace       used 99333K, committed 100032K, reserved 1179648K
  class space    used 13803K, committed 14144K, reserved 1048576K
}
Event: 12.938 GC heap after
{Heap after GC invocations=32 (full 0):
 garbage-first heap   total 253952K, used 117264K [0x0000000080000000, 0x0000000100000000)
  region size 1024K, 8 young (8192K), 8 survivors (8192K)
 Metaspace       used 99333K, committed 100032K, reserved 1179648K
  class space    used 13803K, committed 14144K, reserved 1048576K
}
Event: 13.168 GC heap before
{Heap before GC invocations=32 (full 0):
 garbage-first heap   total 253952K, used 163344K [0x0000000080000000, 0x0000000100000000)
  region size 1024K, 49 young (50176K), 8 survivors (8192K)
 Metaspace       used 100550K, committed 101184K, reserved 1179648K
  class space    used 13897K, committed 14208K, reserved 1048576K
}
Event: 13.174 GC heap after
{Heap after GC invocations=33 (full 0):
 garbage-first heap   total 253952K, used 119791K [0x0000000080000000, 0x0000000100000000)
  region size 1024K, 4 young (4096K), 4 survivors (4096K)
 Metaspace       used 100550K, committed 101184K, reserved 1179648K
  class space    used 13897K, committed 14208K, reserved 1048576K
}
Event: 13.949 GC heap before
{Heap before GC invocations=34 (full 0):
 garbage-first heap   total 253952K, used 206831K [0x0000000080000000, 0x0000000100000000)
  region size 1024K, 88 young (90112K), 4 survivors (4096K)
 Metaspace       used 107528K, committed 108288K, reserved 1179648K
  class space    used 15146K, committed 15552K, reserved 1048576K
}
Event: 13.958 GC heap after
{Heap after GC invocations=35 (full 0):
 garbage-first heap   total 253952K, used 131333K [0x0000000080000000, 0x0000000100000000)
  region size 1024K, 11 young (11264K), 11 survivors (11264K)
 Metaspace       used 107528K, committed 108288K, reserved 1179648K
  class space    used 15146K, committed 15552K, reserved 1048576K
}
Event: 13.976 GC heap before
{Heap before GC invocations=35 (full 0):
 garbage-first heap   total 253952K, used 132357K [0x0000000080000000, 0x0000000100000000)
  region size 1024K, 12 young (12288K), 11 survivors (11264K)
 Metaspace       used 107672K, committed 108416K, reserved 1179648K
  class space    used 15175K, committed 15552K, reserved 1048576K
}
Event: 13.984 GC heap after
{Heap after GC invocations=36 (full 0):
 garbage-first heap   total 253952K, used 131876K [0x0000000080000000, 0x0000000100000000)
  region size 1024K, 2 young (2048K), 2 survivors (2048K)
 Metaspace       used 107672K, committed 108416K, reserved 1179648K
  class space    used 15175K, committed 15552K, reserved 1048576K
}
Event: 14.575 GC heap before
{Heap before GC invocations=36 (full 0):
 garbage-first heap   total 253952K, used 201508K [0x0000000080000000, 0x0000000100000000)
  region size 1024K, 71 young (72704K), 2 survivors (2048K)
 Metaspace       used 115895K, committed 116672K, reserved 1179648K
  class space    used 16897K, committed 17280K, reserved 1048576K
}
Event: 14.581 GC heap after
{Heap after GC invocations=37 (full 0):
 garbage-first heap   total 253952K, used 134102K [0x0000000080000000, 0x0000000100000000)
  region size 1024K, 4 young (4096K), 4 survivors (4096K)
 Metaspace       used 115895K, committed 116672K, reserved 1179648K
  class space    used 16897K, committed 17280K, reserved 1048576K
}
Event: 14.963 GC heap before
{Heap before GC invocations=38 (full 0):
 garbage-first heap   total 253952K, used 204758K [0x0000000080000000, 0x0000000100000000)
  region size 1024K, 74 young (75776K), 4 survivors (4096K)
 Metaspace       used 119398K, committed 120192K, reserved 1179648K
  class space    used 17541K, committed 17920K, reserved 1048576K
}
Event: 14.969 GC heap after
{Heap after GC invocations=39 (full 0):
 garbage-first heap   total 305152K, used 136508K [0x0000000080000000, 0x0000000100000000)
  region size 1024K, 7 young (7168K), 7 survivors (7168K)
 Metaspace       used 119398K, committed 120192K, reserved 1179648K
  class space    used 17541K, committed 17920K, reserved 1048576K
}
Event: 14.990 GC heap before
{Heap before GC invocations=39 (full 0):
 garbage-first heap   total 305152K, used 143676K [0x0000000080000000, 0x0000000100000000)
  region size 1024K, 14 young (14336K), 7 survivors (7168K)
 Metaspace       used 119496K, committed 120320K, reserved 1179648K
  class space    used 17560K, committed 17984K, reserved 1048576K
}
Event: 14.995 GC heap after
{Heap after GC invocations=40 (full 0):
 garbage-first heap   total 305152K, used 135671K [0x0000000080000000, 0x0000000100000000)
  region size 1024K, 1 young (1024K), 1 survivors (1024K)
 Metaspace       used 119496K, committed 120320K, reserved 1179648K
  class space    used 17560K, committed 17984K, reserved 1048576K
}
Event: 15.542 GC heap before
{Heap before GC invocations=40 (full 0):
 garbage-first heap   total 305152K, used 250359K [0x0000000080000000, 0x0000000100000000)
  region size 1024K, 113 young (115712K), 1 survivors (1024K)
 Metaspace       used 122446K, committed 123328K, reserved 1179648K
  class space    used 18153K, committed 18560K, reserved 1048576K
}
Event: 15.545 GC heap after
{Heap after GC invocations=41 (full 0):
 garbage-first heap   total 305152K, used 136438K [0x0000000080000000, 0x0000000100000000)
  region size 1024K, 2 young (2048K), 2 survivors (2048K)
 Metaspace       used 122446K, committed 123328K, reserved 1179648K
  class space    used 18153K, committed 18560K, reserved 1048576K
}
Event: 285.120 GC heap before
{Heap before GC invocations=41 (full 0):
 garbage-first heap   total 305152K, used 266486K [0x0000000080000000, 0x0000000100000000)
  region size 1024K, 117 young (119808K), 2 survivors (2048K)
 Metaspace       used 127308K, committed 128256K, reserved 1179648K
  class space    used 18846K, committed 19328K, reserved 1048576K
}
Event: 285.128 GC heap after
{Heap after GC invocations=42 (full 0):
 garbage-first heap   total 305152K, used 143062K [0x0000000080000000, 0x0000000100000000)
  region size 1024K, 9 young (9216K), 9 survivors (9216K)
 Metaspace       used 127308K, committed 128256K, reserved 1179648K
  class space    used 18846K, committed 19328K, reserved 1048576K
}
Event: 287.708 GC heap before
{Heap before GC invocations=42 (full 0):
 garbage-first heap   total 305152K, used 252630K [0x0000000080000000, 0x0000000100000000)
  region size 1024K, 117 young (119808K), 9 survivors (9216K)
 Metaspace       used 132439K, committed 133440K, reserved 1179648K
  class space    used 19485K, committed 19968K, reserved 1048576K
}
Event: 287.719 GC heap after
{Heap after GC invocations=43 (full 0):
 garbage-first heap   total 305152K, used 153907K [0x0000000080000000, 0x0000000100000000)
  region size 1024K, 15 young (15360K), 15 survivors (15360K)
 Metaspace       used 132439K, committed 133440K, reserved 1179648K
  class space    used 19485K, committed 19968K, reserved 1048576K
}

Dll operation events (3 events):
Event: 0.006 Loaded shared library C:\Program Files\Android\Android Studio\jbr\bin\java.dll
Event: 0.105 Loaded shared library C:\Program Files\Android\Android Studio\jbr\bin\zip.dll
Event: 0.351 Loaded shared library C:\Program Files\Android\Android Studio\jbr\bin\verify.dll

Deoptimization events (20 events):
Event: 288.104 Thread 0x000001b2cf56e400 DEOPT PACKING pc=0x000001b2b9585f40 sp=0x00000054651fafe0
Event: 288.104 Thread 0x000001b2cf56e400 DEOPT UNPACKING pc=0x000001b2b8a769a3 sp=0x00000054651faf78 mode 2
Event: 288.104 Thread 0x000001b2cf56e400 Uncommon trap: trap_request=0xffffffc6 fr.pc=0x000001b2b9585f40 relative=0x0000000000000c60
Event: 288.104 Thread 0x000001b2cf56e400 Uncommon trap: reason=bimorphic_or_optimized_type_check action=maybe_recompile pc=0x000001b2b9585f40 method=java.util.HashMap.removeNode(ILjava/lang/Object;Ljava/lang/Object;ZZ)Ljava/util/HashMap$Node; @ 143 c2
Event: 288.104 Thread 0x000001b2cf56e400 DEOPT PACKING pc=0x000001b2b9585f40 sp=0x00000054651fb850
Event: 288.104 Thread 0x000001b2cf56e400 DEOPT UNPACKING pc=0x000001b2b8a769a3 sp=0x00000054651fb7e8 mode 2
Event: 288.111 Thread 0x000001b2ce8d5640 DEOPT PACKING pc=0x000001b2b30783ec sp=0x00000054664ff040
Event: 288.111 Thread 0x000001b2ce8d5640 DEOPT UNPACKING pc=0x000001b2b8a77143 sp=0x00000054664fe598 mode 0
Event: 529.234 Thread 0x000001b2d35e4640 Uncommon trap: trap_request=0xffffffc6 fr.pc=0x000001b2b922d46c relative=0x000000000000078c
Event: 529.234 Thread 0x000001b2d35e4640 Uncommon trap: reason=bimorphic_or_optimized_type_check action=maybe_recompile pc=0x000001b2b922d46c method=java.util.stream.MatchOps$MatchOp.evaluateSequential(Ljava/util/stream/PipelineHelper;Ljava/util/Spliterator;)Ljava/lang/Boolean; @ 14 c2
Event: 529.234 Thread 0x000001b2d35e4640 DEOPT PACKING pc=0x000001b2b922d46c sp=0x00000054651fb9b0
Event: 529.234 Thread 0x000001b2d35e4640 DEOPT UNPACKING pc=0x000001b2b8a769a3 sp=0x00000054651fb8e8 mode 2
Event: 529.278 Thread 0x000001b2d35e4640 Uncommon trap: trap_request=0xffffffde fr.pc=0x000001b2b95a562c relative=0x000000000000026c
Event: 529.278 Thread 0x000001b2d35e4640 Uncommon trap: reason=class_check action=maybe_recompile pc=0x000001b2b95a562c method=com.google.common.cache.LocalCache$Segment.setValue(Lcom/google/common/cache/ReferenceEntry;Ljava/lang/Object;Ljava/lang/Object;J)V @ 51 c2
Event: 529.278 Thread 0x000001b2d35e4640 DEOPT PACKING pc=0x000001b2b95a562c sp=0x00000054651faa30
Event: 529.278 Thread 0x000001b2d35e4640 DEOPT UNPACKING pc=0x000001b2b8a769a3 sp=0x00000054651fa9b8 mode 2
Event: 529.300 Thread 0x000001b2d35e4640 Uncommon trap: trap_request=0xffffffde fr.pc=0x000001b2b95bac08 relative=0x0000000000000668
Event: 529.300 Thread 0x000001b2d35e4640 Uncommon trap: reason=class_check action=maybe_recompile pc=0x000001b2b95bac08 method=org.gradle.cache.internal.LockOnDemandCrossProcessCacheAccess.incrementLockCount()V @ 97 c2
Event: 529.300 Thread 0x000001b2d35e4640 DEOPT PACKING pc=0x000001b2b95bac08 sp=0x00000054651f6610
Event: 529.300 Thread 0x000001b2d35e4640 DEOPT UNPACKING pc=0x000001b2b8a769a3 sp=0x00000054651f65c0 mode 2

Classes unloaded (20 events):
Event: 13.220 Thread 0x000001b2c82eeca0 Unloading class 0x0000000100db1000 'java/lang/invoke/LambdaForm$DMH+0x0000000100db1000'
Event: 13.220 Thread 0x000001b2c82eeca0 Unloading class 0x0000000100db1c00 'java/lang/invoke/LambdaForm$DMH+0x0000000100db1c00'
Event: 13.220 Thread 0x000001b2c82eeca0 Unloading class 0x0000000100db1400 'java/lang/invoke/LambdaForm$DMH+0x0000000100db1400'
Event: 13.220 Thread 0x000001b2c82eeca0 Unloading class 0x0000000100db0400 'java/lang/invoke/LambdaForm$DMH+0x0000000100db0400'
Event: 13.220 Thread 0x000001b2c82eeca0 Unloading class 0x0000000100db0c00 'java/lang/invoke/LambdaForm$DMH+0x0000000100db0c00'
Event: 14.647 Thread 0x000001b2c82eeca0 Unloading class 0x0000000100ecec00 'java/lang/invoke/LambdaForm$DMH+0x0000000100ecec00'
Event: 14.647 Thread 0x000001b2c82eeca0 Unloading class 0x0000000100ece800 'java/lang/invoke/LambdaForm$DMH+0x0000000100ece800'
Event: 14.647 Thread 0x000001b2c82eeca0 Unloading class 0x0000000100ece400 'java/lang/invoke/LambdaForm$DMH+0x0000000100ece400'
Event: 14.648 Thread 0x000001b2c82eeca0 Unloading class 0x0000000100ece000 'java/lang/invoke/LambdaForm$DMH+0x0000000100ece000'
Event: 14.648 Thread 0x000001b2c82eeca0 Unloading class 0x0000000100ecdc00 'java/lang/invoke/LambdaForm$DMH+0x0000000100ecdc00'
Event: 14.648 Thread 0x000001b2c82eeca0 Unloading class 0x0000000100ecd800 'java/lang/invoke/LambdaForm$DMH+0x0000000100ecd800'
Event: 14.648 Thread 0x000001b2c82eeca0 Unloading class 0x0000000100ecd400 'java/lang/invoke/LambdaForm$DMH+0x0000000100ecd400'
Event: 14.648 Thread 0x000001b2c82eeca0 Unloading class 0x0000000100ecd000 'java/lang/invoke/LambdaForm$DMH+0x0000000100ecd000'
Event: 14.648 Thread 0x000001b2c82eeca0 Unloading class 0x0000000100eccc00 'java/lang/invoke/LambdaForm$DMH+0x0000000100eccc00'
Event: 14.648 Thread 0x000001b2c82eeca0 Unloading class 0x0000000100ecc800 'java/lang/invoke/LambdaForm$DMH+0x0000000100ecc800'
Event: 14.648 Thread 0x000001b2c82eeca0 Unloading class 0x0000000100ecc400 'java/lang/invoke/LambdaForm$DMH+0x0000000100ecc400'
Event: 14.648 Thread 0x000001b2c82eeca0 Unloading class 0x0000000100eb9000 'java/lang/invoke/LambdaForm$DMH+0x0000000100eb9000'
Event: 14.648 Thread 0x000001b2c82eeca0 Unloading class 0x0000000100eb8800 'java/lang/invoke/LambdaForm$DMH+0x0000000100eb8800'
Event: 14.648 Thread 0x000001b2c82eeca0 Unloading class 0x0000000100eb8400 'java/lang/invoke/LambdaForm$DMH+0x0000000100eb8400'
Event: 14.648 Thread 0x000001b2c82eeca0 Unloading class 0x0000000100eb8c00 'java/lang/invoke/LambdaForm$DMH+0x0000000100eb8c00'

Classes redefined (0 events):
No events

Internal exceptions (20 events):
Event: 287.625 Thread 0x000001b2d24bbc80 Implicit null exception at 0x000001b2b9449ffc to 0x000001b2b944a284
Event: 287.625 Thread 0x000001b2d24bbc80 Implicit null exception at 0x000001b2b9532650 to 0x000001b2b9532699
Event: 287.801 Thread 0x000001b2d24bbc80 Exception <a 'java/lang/IncompatibleClassChangeError'{0x0000000091b073f8}: Found class java.lang.Object, but interface was expected> (0x0000000091b073f8) 
thrown [s\src\hotspot\share\interpreter\linkResolver.cpp, line 838]
Event: 287.813 Thread 0x000001b2d3d9a4f0 Exception <a 'java/lang/NoSuchMethodError'{0x0000000091be6738}: static Lorg/gradle/internal/build/event/types/DefaultJavaCompileTaskSuccessResult;.<clinit>()V> (0x0000000091be6738) 
thrown [s\src\hotspot\share\prims\jni.cpp, line 1108]
Event: 287.843 Thread 0x000001b2cea6a800 Exception <a 'sun/nio/fs/WindowsException'{0x000000009179e218}> (0x000000009179e218) 
thrown [s\src\hotspot\share\prims\jni.cpp, line 517]
Event: 287.846 Thread 0x000001b2d12f5dc0 Exception <a 'sun/nio/fs/WindowsException'{0x00000000916f7808}> (0x00000000916f7808) 
thrown [s\src\hotspot\share\prims\jni.cpp, line 517]
Event: 287.859 Thread 0x000001b2cea6a800 Exception <a 'sun/nio/fs/WindowsException'{0x00000000912f46d0}> (0x00000000912f46d0) 
thrown [s\src\hotspot\share\prims\jni.cpp, line 517]
Event: 287.864 Thread 0x000001b2d12f5dc0 Implicit null exception at 0x000001b2b9422e37 to 0x000001b2b9428c00
Event: 287.900 Thread 0x000001b2d12f5dc0 Exception <a 'sun/nio/fs/WindowsException'{0x0000000090fef108}> (0x0000000090fef108) 
thrown [s\src\hotspot\share\prims\jni.cpp, line 517]
Event: 287.922 Thread 0x000001b2d2f18e20 Exception <a 'sun/nio/fs/WindowsException'{0x0000000090d6d370}> (0x0000000090d6d370) 
thrown [s\src\hotspot\share\prims\jni.cpp, line 517]
Event: 287.922 Thread 0x000001b2d2f18e20 Exception <a 'sun/nio/fs/WindowsException'{0x0000000090d6d6a0}> (0x0000000090d6d6a0) 
thrown [s\src\hotspot\share\prims\jni.cpp, line 517]
Event: 287.928 Thread 0x000001b2d12f9780 Exception <a 'sun/nio/fs/WindowsException'{0x0000000090d93c78}> (0x0000000090d93c78) 
thrown [s\src\hotspot\share\prims\jni.cpp, line 517]
Event: 287.951 Thread 0x000001b2d12f9780 Exception <a 'sun/nio/fs/WindowsException'{0x0000000090bb0940}> (0x0000000090bb0940) 
thrown [s\src\hotspot\share\prims\jni.cpp, line 517]
Event: 288.091 Thread 0x000001b2cf56e400 Exception <a 'sun/nio/fs/WindowsException'{0x00000000903722e0}> (0x00000000903722e0) 
thrown [s\src\hotspot\share\prims\jni.cpp, line 517]
Event: 288.091 Thread 0x000001b2cf56e400 Exception <a 'sun/nio/fs/WindowsException'{0x0000000090372600}> (0x0000000090372600) 
thrown [s\src\hotspot\share\prims\jni.cpp, line 517]
Event: 288.091 Thread 0x000001b2cf56e400 Exception <a 'sun/nio/fs/WindowsException'{0x0000000090374410}> (0x0000000090374410) 
thrown [s\src\hotspot\share\prims\jni.cpp, line 517]
Event: 529.258 Thread 0x000001b2d35e4640 Exception <a 'sun/nio/fs/WindowsException'{0x000000008f785868}> (0x000000008f785868) 
thrown [s\src\hotspot\share\prims\jni.cpp, line 517]
Event: 529.259 Thread 0x000001b2d35e4640 Exception <a 'sun/nio/fs/WindowsException'{0x000000008f786df0}> (0x000000008f786df0) 
thrown [s\src\hotspot\share\prims\jni.cpp, line 517]
Event: 529.259 Thread 0x000001b2d35e4640 Exception <a 'sun/nio/fs/WindowsException'{0x000000008f7885d0}> (0x000000008f7885d0) 
thrown [s\src\hotspot\share\prims\jni.cpp, line 517]
Event: 529.259 Thread 0x000001b2d35e4640 Exception <a 'sun/nio/fs/WindowsException'{0x000000008f789b38}> (0x000000008f789b38) 
thrown [s\src\hotspot\share\prims\jni.cpp, line 517]

VM Operations (20 events):
Event: 287.867 Executing VM operation: ICBufferFull
Event: 287.868 Executing VM operation: ICBufferFull done
Event: 289.868 Executing VM operation: Cleanup
Event: 289.869 Executing VM operation: Cleanup done
Event: 291.869 Executing VM operation: Cleanup
Event: 291.869 Executing VM operation: Cleanup done
Event: 301.873 Executing VM operation: Cleanup
Event: 301.873 Executing VM operation: Cleanup done
Event: 316.882 Executing VM operation: Cleanup
Event: 316.882 Executing VM operation: Cleanup done
Event: 321.885 Executing VM operation: Cleanup
Event: 321.885 Executing VM operation: Cleanup done
Event: 348.897 Executing VM operation: Cleanup
Event: 348.898 Executing VM operation: Cleanup done
Event: 369.909 Executing VM operation: Cleanup
Event: 369.909 Executing VM operation: Cleanup done
Event: 386.916 Executing VM operation: Cleanup
Event: 386.916 Executing VM operation: Cleanup done
Event: 387.916 Executing VM operation: Cleanup
Event: 387.916 Executing VM operation: Cleanup done

Events (20 events):
Event: 348.132 Thread 0x000001b2cf27c1d0 Thread exited: 0x000001b2cf27c1d0
Event: 376.474 Thread 0x000001b2d3d97bf0 Thread exited: 0x000001b2d3d97bf0
Event: 408.037 Thread 0x000001b2d3d96d80 Thread exited: 0x000001b2d3d96d80
Event: 468.038 Thread 0x000001b2d2f1be40 Thread exited: 0x000001b2d2f1be40
Event: 528.039 Thread 0x000001b2cea67cb0 Thread exited: 0x000001b2cea67cb0
Event: 529.219 Thread 0x000001b2cd50ef80 Thread added: 0x000001b2cd50ef80
Event: 529.219 Thread 0x000001b2d35e54b0 Thread added: 0x000001b2d35e54b0
Event: 529.222 Thread 0x000001b2d35e37d0 Thread added: 0x000001b2d35e37d0
Event: 529.225 Thread 0x000001b2d35e4640 Thread added: 0x000001b2d35e4640
Event: 529.228 Thread 0x000001b2d35e4fe0 Thread added: 0x000001b2d35e4fe0
Event: 529.228 Thread 0x000001b2d35e5980 Thread added: 0x000001b2d35e5980
Event: 529.228 Thread 0x000001b2d35e6320 Thread added: 0x000001b2d35e6320
Event: 529.241 Thread 0x000001b2d35e3ca0 Thread added: 0x000001b2d35e3ca0
Event: 529.242 Thread 0x000001b2d279a960 Thread added: 0x000001b2d279a960
Event: 529.242 Thread 0x000001b2d2799f40 Thread added: 0x000001b2d2799f40
Event: 529.243 Thread 0x000001b2d35e4b10 Thread added: 0x000001b2d35e4b10
Event: 529.246 Thread 0x000001b2d35e67f0 Thread added: 0x000001b2d35e67f0
Event: 529.248 Thread 0x000001b2d35e6cc0 Thread added: 0x000001b2d35e6cc0
Event: 529.279 Thread 0x000001b2d35e7190 Thread added: 0x000001b2d35e7190
Event: 529.300 Thread 0x000001b2d3d9a4f0 Thread added: 0x000001b2d3d9a4f0


Dynamic libraries:
0x00007ff71d370000 - 0x00007ff71d37a000 	C:\Program Files\Android\Android Studio\jbr\bin\java.exe
0x00007fff98e10000 - 0x00007fff99027000 	C:\WINDOWS\SYSTEM32\ntdll.dll
0x00007fff97880000 - 0x00007fff97944000 	C:\WINDOWS\System32\KERNEL32.DLL
0x00007fff961b0000 - 0x00007fff96556000 	C:\WINDOWS\System32\KERNELBASE.dll
0x00007fff966d0000 - 0x00007fff967e1000 	C:\WINDOWS\System32\ucrtbase.dll
0x00007fff61100000 - 0x00007fff61117000 	C:\Program Files\Android\Android Studio\jbr\bin\jli.dll
0x00007fff74e30000 - 0x00007fff74e4b000 	C:\Program Files\Android\Android Studio\jbr\bin\VCRUNTIME140.dll
0x00007fff7ddf0000 - 0x00007fff7e083000 	C:\WINDOWS\WinSxS\amd64_microsoft.windows.common-controls_6595b64144ccf1df_6.0.22621.2506_none_270c5ae97388e100\COMCTL32.dll
0x00007fff985d0000 - 0x00007fff9877e000 	C:\WINDOWS\System32\USER32.dll
0x00007fff96180000 - 0x00007fff961a6000 	C:\WINDOWS\System32\win32u.dll
0x00007fff977d0000 - 0x00007fff97877000 	C:\WINDOWS\System32\msvcrt.dll
0x00007fff98450000 - 0x00007fff98479000 	C:\WINDOWS\System32\GDI32.dll
0x00007fff96a40000 - 0x00007fff96b58000 	C:\WINDOWS\System32\gdi32full.dll
0x00007fff967f0000 - 0x00007fff9688a000 	C:\WINDOWS\System32\msvcp_win.dll
0x00007fff97f10000 - 0x00007fff97f41000 	C:\WINDOWS\System32\IMM32.DLL
0x00007fff7dad0000 - 0x00007fff7dadc000 	C:\Program Files\Android\Android Studio\jbr\bin\vcruntime140_1.dll
0x00007fff480c0000 - 0x00007fff4814d000 	C:\Program Files\Android\Android Studio\jbr\bin\msvcp140.dll
0x00007fff30ac0000 - 0x00007fff31740000 	C:\Program Files\Android\Android Studio\jbr\bin\server\jvm.dll
0x00007fff98510000 - 0x00007fff985c1000 	C:\WINDOWS\System32\ADVAPI32.dll
0x00007fff97950000 - 0x00007fff979f5000 	C:\WINDOWS\System32\sechost.dll
0x00007fff98a60000 - 0x00007fff98b77000 	C:\WINDOWS\System32\RPCRT4.dll
0x00007fff8da40000 - 0x00007fff8da4a000 	C:\WINDOWS\SYSTEM32\VERSION.dll
0x00007fff8ea30000 - 0x00007fff8ea64000 	C:\WINDOWS\SYSTEM32\WINMM.dll
0x00007fff7e130000 - 0x00007fff7e139000 	C:\WINDOWS\SYSTEM32\WSOCK32.dll
0x00007fff97a80000 - 0x00007fff97af1000 	C:\WINDOWS\System32\WS2_32.dll
0x00007fff95180000 - 0x00007fff95198000 	C:\WINDOWS\SYSTEM32\kernel.appcore.dll
0x00007fff61c00000 - 0x00007fff61c0a000 	C:\Program Files\Android\Android Studio\jbr\bin\jimage.dll
0x00007fff8ac10000 - 0x00007fff8ae43000 	C:\WINDOWS\SYSTEM32\DBGHELP.DLL
0x00007fff96b60000 - 0x00007fff96ee9000 	C:\WINDOWS\System32\combase.dll
0x00007fff98980000 - 0x00007fff98a57000 	C:\WINDOWS\System32\OLEAUT32.dll
0x00007fff76d30000 - 0x00007fff76d62000 	C:\WINDOWS\SYSTEM32\dbgcore.DLL
0x00007fff96950000 - 0x00007fff969ca000 	C:\WINDOWS\System32\bcryptPrimitives.dll
0x00007fff61ab0000 - 0x00007fff61abe000 	C:\Program Files\Android\Android Studio\jbr\bin\instrument.dll
0x00007fff61bd0000 - 0x00007fff61bf5000 	C:\Program Files\Android\Android Studio\jbr\bin\java.dll
0x00007fff61bb0000 - 0x00007fff61bc8000 	C:\Program Files\Android\Android Studio\jbr\bin\zip.dll
0x00007fff96f50000 - 0x00007fff977aa000 	C:\WINDOWS\System32\SHELL32.dll
0x00007fff94060000 - 0x00007fff94956000 	C:\WINDOWS\SYSTEM32\windows.storage.dll
0x00007fff93f20000 - 0x00007fff9405e000 	C:\WINDOWS\SYSTEM32\wintypes.dll
0x00007fff97b20000 - 0x00007fff97c13000 	C:\WINDOWS\System32\SHCORE.dll
0x00007fff96ef0000 - 0x00007fff96f4e000 	C:\WINDOWS\System32\shlwapi.dll
0x00007fff960b0000 - 0x00007fff960d6000 	C:\WINDOWS\SYSTEM32\profapi.dll
0x00007fff8f6d0000 - 0x00007fff8f6e9000 	C:\Program Files\Android\Android Studio\jbr\bin\net.dll
0x00007fff90240000 - 0x00007fff90377000 	C:\WINDOWS\SYSTEM32\WINHTTP.dll
0x00007fff95600000 - 0x00007fff95669000 	C:\WINDOWS\system32\mswsock.dll
0x00007fff815e0000 - 0x00007fff815f6000 	C:\Program Files\Android\Android Studio\jbr\bin\nio.dll
0x00007fff61e60000 - 0x00007fff61e70000 	C:\Program Files\Android\Android Studio\jbr\bin\verify.dll
0x00007fff74e00000 - 0x00007fff74e27000 	C:\Users\karti\.gradle\native\68d5fa5c4cc2d200863cafc0d521ce42e7d3e7ee720ec0a83991735586a16f82\windows-amd64\native-platform.dll
0x00007fff604b0000 - 0x00007fff605f4000 	C:\Users\karti\.gradle\native\e376f236ea51e6404a007f0833ffe2c6e607c4080706a723a18a27aeea778392\windows-amd64\native-platform-file-events.dll
0x00007fff61c80000 - 0x00007fff61c89000 	C:\Program Files\Android\Android Studio\jbr\bin\management.dll
0x00007fff61ae0000 - 0x00007fff61aeb000 	C:\Program Files\Android\Android Studio\jbr\bin\management_ext.dll
0x00007fff97a00000 - 0x00007fff97a08000 	C:\WINDOWS\System32\PSAPI.DLL
0x00007fff95860000 - 0x00007fff9587b000 	C:\WINDOWS\SYSTEM32\CRYPTSP.dll
0x00007fff950e0000 - 0x00007fff95115000 	C:\WINDOWS\system32\rsaenh.dll
0x00007fff956f0000 - 0x00007fff9571c000 	C:\WINDOWS\SYSTEM32\USERENV.dll
0x00007fff95ab0000 - 0x00007fff95ad8000 	C:\WINDOWS\SYSTEM32\bcrypt.dll
0x00007fff95850000 - 0x00007fff9585c000 	C:\WINDOWS\SYSTEM32\CRYPTBASE.dll
0x00007fff94bb0000 - 0x00007fff94bdd000 	C:\WINDOWS\SYSTEM32\IPHLPAPI.DLL
0x00007fff97f00000 - 0x00007fff97f09000 	C:\WINDOWS\System32\NSI.dll
0x00007fff90430000 - 0x00007fff90449000 	C:\WINDOWS\SYSTEM32\dhcpcsvc6.DLL
0x00007fff90150000 - 0x00007fff9016f000 	C:\WINDOWS\SYSTEM32\dhcpcsvc.DLL
0x00007fff94be0000 - 0x00007fff94cd9000 	C:\WINDOWS\SYSTEM32\DNSAPI.dll
0x00007fff49780000 - 0x00007fff49788000 	C:\WINDOWS\system32\wshunix.dll
0x00007fff0cab0000 - 0x00007fff0cac7000 	C:\WINDOWS\system32\napinsp.dll
0x00007fff0ca90000 - 0x00007fff0caab000 	C:\WINDOWS\system32\pnrpnsp.dll
0x00007fff0ca70000 - 0x00007fff0ca81000 	C:\WINDOWS\System32\winrnr.dll
0x00007fff8e690000 - 0x00007fff8e6a5000 	C:\WINDOWS\system32\wshbth.dll
0x00007fff47b60000 - 0x00007fff47b81000 	C:\WINDOWS\system32\nlansp_c.dll
0x00007fff8f7b0000 - 0x00007fff8f7ba000 	C:\Windows\System32\rasadhlp.dll
0x00007fff8ea70000 - 0x00007fff8eaf3000 	C:\WINDOWS\System32\fwpuclnt.dll
0x00007fff7d2d0000 - 0x00007fff7d2d7000 	C:\Program Files\Android\Android Studio\jbr\bin\rmi.dll

dbghelp: loaded successfully - version: 4.0.5 - missing functions: none
symbol engine: initialized successfully - sym options: 0x614 - pdb path: .;C:\Program Files\Android\Android Studio\jbr\bin;C:\WINDOWS\SYSTEM32;C:\WINDOWS\WinSxS\amd64_microsoft.windows.common-controls_6595b64144ccf1df_6.0.22621.2506_none_270c5ae97388e100;C:\Program Files\Android\Android Studio\jbr\bin\server;C:\Users\karti\.gradle\native\68d5fa5c4cc2d200863cafc0d521ce42e7d3e7ee720ec0a83991735586a16f82\windows-amd64;C:\Users\karti\.gradle\native\e376f236ea51e6404a007f0833ffe2c6e607c4080706a723a18a27aeea778392\windows-amd64

VM Arguments:
jvm_args: --add-opens=java.base/java.util=ALL-UNNAMED --add-opens=java.base/java.lang=ALL-UNNAMED --add-opens=java.base/java.lang.invoke=ALL-UNNAMED --add-opens=java.prefs/java.util.prefs=ALL-UNNAMED --add-opens=java.base/java.nio.charset=ALL-UNNAMED --add-opens=java.base/java.net=ALL-UNNAMED --add-opens=java.base/java.util.concurrent.atomic=ALL-UNNAMED -Xmx2048m -Dfile.encoding=UTF-8 -Duser.country=IN -Duser.language=en -Duser.variant -javaagent:C:\Users\karti\.gradle\wrapper\dists\gradle-8.2-bin\bbg7u40eoinfdyxsxr3z4i7ta\gradle-8.2\lib\agents\gradle-instrumentation-agent-8.2.jar 
java_command: org.gradle.launcher.daemon.bootstrap.GradleDaemon 8.2
java_class_path (initial): C:\Users\karti\.gradle\wrapper\dists\gradle-8.2-bin\bbg7u40eoinfdyxsxr3z4i7ta\gradle-8.2\lib\gradle-launcher-8.2.jar
Launcher Type: SUN_STANDARD

[Global flags]
     intx CICompilerCount                          = 4                                         {product} {ergonomic}
     uint ConcGCThreads                            = 3                                         {product} {ergonomic}
     uint G1ConcRefinementThreads                  = 10                                        {product} {ergonomic}
   size_t G1HeapRegionSize                         = 1048576                                   {product} {ergonomic}
    uintx GCDrainStackTargetSize                   = 64                                        {product} {ergonomic}
   size_t InitialHeapSize                          = 257949696                                 {product} {ergonomic}
   size_t MarkStackSize                            = 4194304                                   {product} {ergonomic}
   size_t MaxHeapSize                              = 2147483648                                {product} {command line}
   size_t MaxNewSize                               = 1287651328                                {product} {ergonomic}
   size_t MinHeapDeltaBytes                        = 1048576                                   {product} {ergonomic}
   size_t MinHeapSize                              = 8388608                                   {product} {ergonomic}
    uintx NonNMethodCodeHeapSize                   = 5839372                                {pd product} {ergonomic}
    uintx NonProfiledCodeHeapSize                  = 122909434                              {pd product} {ergonomic}
    uintx ProfiledCodeHeapSize                     = 122909434                              {pd product} {ergonomic}
    uintx ReservedCodeCacheSize                    = 251658240                              {pd product} {ergonomic}
     bool SegmentedCodeCache                       = true                                      {product} {ergonomic}
   size_t SoftMaxHeapSize                          = 2147483648                             {manageable} {ergonomic}
     bool UseCompressedClassPointers               = true                           {product lp64_product} {ergonomic}
     bool UseCompressedOops                        = true                           {product lp64_product} {ergonomic}
     bool UseG1GC                                  = true                                      {product} {ergonomic}
     bool UseLargePagesIndividualAllocation        = false                                  {pd product} {ergonomic}

Logging:
Log output configuration:
 #0: stdout all=warning uptime,level,tags
 #1: stderr all=off uptime,level,tags

Environment Variables:
PATH=C:\Program Files\Common Files\Oracle\Java\javapath;C:\Program Files (x86)\Common Files\Oracle\Java\javapath;C:\WINDOWS\system32;C:\WINDOWS;C:\WINDOWS\System32\Wbem;C:\WINDOWS\System32\WindowsPowerShell\v1.0\;C:\WINDOWS\System32\OpenSSH\;C:\Program Files\Git\cmd;C:\Program Files\nodejs\;C:\Program Files\HP\HP One Agent;C:\Program Files\dotnet\;C:\Users\karti\AppData\Local\Android\Sdk\platform-tools;C:\Users\karti\AppData\Local\Android\Sdk\tools;C:\Users\karti\AppData\Local\Android\Sdk\platform-tools;C:\Users\karti\AppData\Local\Android\Sdk\tools;C:\Users\karti\AppData\Local\Android\Sdk\platform-tools;C:\Users\karti\AppData\Local\Android\Sdk\tools;C:\msys64\mingw64\bin;C:\Users\karti\AppData\Local\Programs\Microsoft VS Code\bin;C:\Users\karti\AppData\Local\Microsoft\WindowsApps;C:\Program Files\Java\jdk-19\bin;C:\Program Files\MongoDB\mongosh-1.10.3-win32-x64\bin;C:\Program Files\MongoDB\Server\6.0\bin;C:\Users\karti\AppData\Roaming\npm;
USERNAME=karti
OS=Windows_NT
PROCESSOR_IDENTIFIER=AMD64 Family 23 Model 104 Stepping 1, AuthenticAMD
TMP=C:\Users\karti\AppData\Local\Temp
TEMP=C:\Users\karti\AppData\Local\Temp


JNI global refs:
JNI global refs: 31, weak refs: 10

JNI global refs memory usage: 843, weak refs: 841

OOME stack traces (most recent first):
Classloader memory used:
Loader org.gradle.internal.classloader.VisitableURLClassLoader$InstrumentingVisitableURLClassLoader: 6449K
Loader org.gradle.internal.classloader.VisitableURLClassLoader                         : 5191K
Loader bootstrap                                                                       : 3407K
Loader org.gradle.initialization.MixInLegacyTypesClassLoader                           : 1378K
Loader jdk.internal.reflect.DelegatingClassLoader                                      : 151K
Loader jdk.internal.loader.ClassLoaders$PlatformClassLoader                            : 67517B
Loader jdk.internal.loader.ClassLoaders$AppClassLoader                                 : 28073B
Loader org.gradle.groovy.scripts.internal.DefaultScriptCompilationHandler$ScriptClassLoader: 3067B
Loader org.codehaus.groovy.runtime.callsite.CallSiteClassLoader                        : 802B
Loader sun.reflect.misc.MethodUtil                                                     : 373B


[error occurred during error reporting (Classloader stats), id 0xe0000001, Out of Memory Error (s\src\hotspot\share\memory\arena.cpp:78)]


---------------  S Y S T E M  ---------------

OS:
 Windows 11 , 64 bit Build 22621 (10.0.22621.2506)
OS uptime: 1 days 1:36 hours
Hyper-V role detected

CPU: total 12 (initial active 12) (12 cores per cpu, 2 threads per core) family 23 model 104 stepping 1 microcode 0x0, cx8, cmov, fxsr, ht, mmx, 3dnowpref, sse, sse2, sse3, ssse3, sse4a, sse4.1, sse4.2, popcnt, lzcnt, tsc, tscinvbit, avx, avx2, aes, clmul, bmi1, bmi2, adx, sha, fma, vzeroupper, clflush, clflushopt, hv

Memory: 4k page, system-wide physical 15694M (3809M free)
TotalPageFile size 16871M (AvailPageFile size 2M)
current process WorkingSet (physical memory assigned to process): 646M, peak: 668M
current process commit charge ("private bytes"): 684M, peak: 712M

vm_info: OpenJDK 64-Bit Server VM (17.0.7+0-b2043.56-10550314) for windows-amd64 JRE (17.0.7+0-b2043.56-10550314), built on Jul 24 2023 18:27:45 by "androidbuild" with MS VC++ 16.10 / 16.11 (VS2019)

END.
